#
# There is insufficient memory for the Java Runtime Environment to continue.
# Native memory allocation (malloc) failed to allocate 1622096 bytes for Chunk::new
# Possible reasons:
#   The system is out of physical RAM or swap space
#   The process is running with CompressedOops enabled, and the Java Heap may be blocking the growth of the native heap
# Possible solutions:
#   Reduce memory load on the system
#   Increase physical memory or swap space
#   Check if swap backing store is full
#   Decrease Java heap size (-Xmx/-Xms)
#   Decrease number of Java threads
#   Decrease Java thread stack sizes (-Xss)
#   Set larger code cache with -XX:ReservedCodeCacheSize=
#   JVM is running with Zero Based Compressed Oops mode in which the Java heap is
#     placed in the first 32GB address space. The Java Heap base address is the
#     maximum limit for the native heap growth. Please use -XX:HeapBaseMinAddress
#     to set the Java Heap base and to place the Java Heap above 32GB virtual address.
# This output file may be truncated or incomplete.
#
#  Out of Memory Error (t:/workspace/open/src/hotspot/share/memory/arena.cpp:197), pid=21492, tid=11372
#
# JRE version: OpenJDK Runtime Environment (11.0.2+9) (build 11.0.2+9)
# Java VM: OpenJDK 64-Bit Server VM (11.0.2+9, mixed mode, tiered, compressed oops, g1 gc, windows-amd64)
# No core dump will be written. Minidumps are not enabled by default on client versions of Windows
#

---------------  S U M M A R Y ------------

Command Line: -Dsun.java2d.pmoffscreen=false -Dhttps.protocols=TLSv1,TLSv1.1,TLSv1.2 -Dsun.java2d.xrender=false -Dsun.java2d.d3d=false -Dsun.awt.nopixfmt=true -Dsun.java2d.dpiaware=true -Dsun.java2d.uiScale.enabled=false -Xverify:none -Dswing.aatext=true -XX:-UsePerfData -Djdk.map.althashing.threshold=512 -XX:StringTableSize=4072 --add-opens=java.base/java.nio=ALL-UNNAMED --add-opens=java.desktop/sun.swing=ALL-UNNAMED --add-opens=java.desktop/javax.swing=ALL-UNNAMED --add-opens=java.desktop/javax.swing.tree=ALL-UNNAMED --add-opens=java.desktop/javax.swing.plaf.basic=ALL-UNNAMED --add-opens=java.desktop/javax.swing.plaf.synth=ALL-UNNAMED --add-opens=java.desktop/com.sun.awt=ALL-UNNAMED -XX:NewSize=60m -XX:MaxNewSize=60m -Xms256m -Xmx3072m -Xss5m 

Host: 11th Gen Intel(R) Core(TM) i5-1135G7 @ 2.40GHz, 8 cores, 15G,  Windows 10 , 64 bit Build 19041 (10.0.19041.1348)
Time: Sun Jan  9 13:30:55 2022 Pacific Standard Time elapsed time: 821 seconds (0d 0h 13m 41s)

---------------  T H R E A D  ---------------

Current thread (0x0000021a97801800):  JavaThread "C2 CompilerThread0" daemon [_thread_in_native, id=11372, stack(0x00000054b8500000,0x00000054b8600000)]


Current CompileTask:
C2: 821774 21660       4       ui.views.Q.b.a.a::getTreeCellRendererComponent (438 bytes)

Stack: [0x00000054b8500000,0x00000054b8600000]
Native frames: (J=compiled Java code, j=interpreted, Vv=VM code, C=native code)
V  [jvm.dll+0x63489a]
V  [jvm.dll+0x771f9f]
V  [jvm.dll+0x773648]
V  [jvm.dll+0x773d03]
V  [jvm.dll+0x25eba8]
V  [jvm.dll+0xc2191]
V  [jvm.dll+0xc271c]
V  [jvm.dll+0x36cc02]
V  [jvm.dll+0x339b13]
V  [jvm.dll+0x338eea]
V  [jvm.dll+0x2189c5]
V  [jvm.dll+0x217b6a]
V  [jvm.dll+0x194370]
V  [jvm.dll+0x226b3f]
V  [jvm.dll+0x225148]
V  [jvm.dll+0x73774d]
V  [jvm.dll+0x633942]
C  [ucrtbase.dll+0x21bb2]
C  [KERNEL32.DLL+0x17034]
C  [ntdll.dll+0x52651]


---------------  P R O C E S S  ---------------

Threads class SMR info:
_java_thread_list=0x0000021ac16a2300, length=49, elements={
0x0000021ad3e50000, 0x0000021a9703d800, 0x0000021ad3316800, 0x0000021a9723f800,
0x0000021a97240000, 0x0000021a97801800, 0x0000021a97469800, 0x0000021a9746a800,
0x0000021a97f0e800, 0x0000021ad1068800, 0x0000021aa8260000, 0x0000021aa84b9000,
0x0000021aa8260800, 0x0000021aa9cb9800, 0x0000021aab133000, 0x0000021aab1be800,
0x0000021aab505800, 0x0000021aa8a42800, 0x0000021aaafc7000, 0x0000021aaafc8800,
0x0000021aaafc9800, 0x0000021aaafca000, 0x0000021aaafcd800, 0x0000021abe8f0000,
0x0000021abe8f1800, 0x0000021abe8ec000, 0x0000021abe8f2800, 0x0000021abe8f3800,
0x0000021abe8ee800, 0x0000021abe8f6000, 0x0000021abe8f6800, 0x0000021abe8f7800,
0x0000021aaafcb000, 0x0000021abe8f4000, 0x0000021abe8ef000, 0x0000021ac6503000,
0x0000021ac6507800, 0x0000021ac6505800, 0x0000021ac6509000, 0x0000021ac6504000,
0x0000021ac650a800, 0x0000021ac6506800, 0x0000021ac650a000, 0x0000021ac650e800,
0x0000021ac6512000, 0x0000021ac650e000, 0x0000021abe8ed800, 0x0000021abe8fa000,
0x0000021abe8f8000
}

Java Threads: ( => current thread )
  0x0000021ad3e50000 JavaThread "main" [_thread_blocked, id=12760, stack(0x00000054b6a00000,0x00000054b6b00000)]
  0x0000021a9703d800 JavaThread "Reference Handler" daemon [_thread_blocked, id=18484, stack(0x00000054b7100000,0x00000054b7600000)]
  0x0000021ad3316800 JavaThread "Finalizer" daemon [_thread_blocked, id=20616, stack(0x00000054b7600000,0x00000054b7b00000)]
  0x0000021a9723f800 JavaThread "Signal Dispatcher" daemon [_thread_blocked, id=19600, stack(0x00000054b7b00000,0x00000054b8000000)]
  0x0000021a97240000 JavaThread "Attach Listener" daemon [_thread_blocked, id=11560, stack(0x00000054b8000000,0x00000054b8500000)]
=>0x0000021a97801800 JavaThread "C2 CompilerThread0" daemon [_thread_in_native, id=11372, stack(0x00000054b8500000,0x00000054b8600000)]
  0x0000021a97469800 JavaThread "C1 CompilerThread0" daemon [_thread_blocked, id=10384, stack(0x00000054b8600000,0x00000054b8700000)]
  0x0000021a9746a800 JavaThread "Sweeper thread" daemon [_thread_blocked, id=15472, stack(0x00000054b8700000,0x00000054b8c00000)]
  0x0000021a97f0e800 JavaThread "Common-Cleaner" daemon [_thread_blocked, id=3244, stack(0x00000054b8e00000,0x00000054b9300000)]
  0x0000021ad1068800 JavaThread "Service Thread" daemon [_thread_blocked, id=88, stack(0x00000054b9300000,0x00000054b9800000)]
  0x0000021aa8260000 JavaThread "Java2D Disposer" daemon [_thread_blocked, id=9568, stack(0x00000054b9900000,0x00000054b9e00000)]
  0x0000021aa84b9000 JavaThread "AWT-Windows" daemon [_thread_in_native, id=18020, stack(0x00000054ba300000,0x00000054ba800000)]
  0x0000021aa8260800 JavaThread "TimerQueue" daemon [_thread_blocked, id=24412, stack(0x00000054b9e00000,0x00000054ba300000)]
  0x0000021aa9cb9800 JavaThread "AWT-Shutdown" [_thread_blocked, id=4572, stack(0x00000054bb400000,0x00000054bb900000)]
  0x0000021aab133000 JavaThread "AWT-EventQueue-0" [_thread_in_Java, id=4320, stack(0x00000054bb900000,0x00000054bbe00000)]
  0x0000021aab1be800 JavaThread "Thread-1" [_thread_in_native, id=16988, stack(0x00000054b5400000,0x00000054b6800000)]
  0x0000021aab505800 JavaThread "Process Messages Thread" [_thread_blocked, id=16816, stack(0x00000054bc600000,0x00000054bcb00000)]
  0x0000021aa8a42800 JavaThread "Batik CleanerThread" daemon [_thread_blocked, id=17600, stack(0x00000054bbe00000,0x00000054bc300000)]
  0x0000021aaafc7000 JavaThread "SyntheticaCleanerThread" daemon [_thread_blocked, id=8272, stack(0x00000054bd000000,0x00000054bd500000)]
  0x0000021aaafc8800 JavaThread "Monitor HEventQueue Thread" [_thread_blocked, id=7164, stack(0x00000054bd500000,0x00000054bda00000)]
  0x0000021aaafc9800 JavaThread "SyntheticaAnimation 50" daemon [_thread_blocked, id=3924, stack(0x00000054bda00000,0x00000054bdf00000)]
  0x0000021aaafca000 JavaThread "SyntheticaAnimation 25" daemon [_thread_blocked, id=21500, stack(0x00000054bdf00000,0x00000054be400000)]
  0x0000021aaafcd800 JavaThread "Swing-Shell" daemon [_thread_blocked, id=21148, stack(0x00000054be400000,0x00000054be900000)]
  0x0000021abe8f0000 JavaThread "SyntheticaAnimation 70" daemon [_thread_blocked, id=9972, stack(0x00000054be900000,0x00000054bee00000)]
  0x0000021abe8f1800 JavaThread "Refresh Filesets Swing Worker Thread" [_thread_blocked, id=24052, stack(0x00000054bee00000,0x00000054bf300000)]
  0x0000021abe8ec000 JavaThread "Thread-19" [_thread_blocked, id=16584, stack(0x00000054bf300000,0x00000054bf800000)]
  0x0000021abe8f2800 JavaThread "OutputGobbler" daemon [_thread_in_native, id=24432, stack(0x00000054bf800000,0x00000054bfd00000)]
  0x0000021abe8f3800 JavaThread "ErrorGobbler" daemon [_thread_in_native, id=3056, stack(0x00000054bfd00000,0x00000054c0200000)]
  0x0000021abe8ee800 JavaThread "hw_ila_monitor" [_thread_blocked, id=12856, stack(0x00000054c0c00000,0x00000054c1100000)]
  0x0000021abe8f6000 JavaThread "pool-2-thread-1" [_thread_blocked, id=20696, stack(0x00000054c1b00000,0x00000054c2000000)]
  0x0000021abe8f6800 JavaThread "pool-3-thread-1" [_thread_blocked, id=18008, stack(0x00000054c2000000,0x00000054c2500000)]
  0x0000021abe8f7800 JavaThread "pool-4-thread-1" [_thread_blocked, id=23640, stack(0x00000054c2500000,0x00000054c2a00000)]
  0x0000021aaafcb000 JavaThread "Update Runs Swing Worker Thread" [_thread_blocked, id=23364, stack(0x00000054c2a00000,0x00000054c2f00000)]
  0x0000021abe8f4000 JavaThread "Watchdog Thread for com.sigasi.lsp.server.BootstrappedLspServer" daemon [_thread_blocked, id=5968, stack(0x00000054baf00000,0x00000054bb400000)]
  0x0000021abe8ef000 JavaThread "Life support thread" daemon [_thread_blocked, id=4012, stack(0x00000054c0700000,0x00000054c0c00000)]
  0x0000021ac6503000 JavaThread "Protocol translation thread 0" [_thread_in_native, id=2168, stack(0x00000054c2f00000,0x00000054c3400000)]
  0x0000021ac6507800 JavaThread "pool-6-thread-1" [_thread_blocked, id=21960, stack(0x00000054c3400000,0x00000054c3900000)]
  0x0000021ac6505800 JavaThread "EMF Reference Cleaner" daemon [_thread_blocked, id=21432, stack(0x00000054c3900000,0x00000054c3e00000)]
  0x0000021ac6509000 JavaThread "ForkJoinPool.commonPool-worker-5" daemon [_thread_blocked, id=24056, stack(0x00000054c3e00000,0x00000054c4300000)]
  0x0000021ac6504000 JavaThread "SyntheticaAnimation 50" daemon [_thread_blocked, id=20784, stack(0x00000054c1100000,0x00000054c1600000)]
  0x0000021ac650a800 JavaThread "pool-7-thread-1" [_thread_blocked, id=14176, stack(0x00000054c1600000,0x00000054c1b00000)]
  0x0000021ac6506800 JavaThread "ForkJoinPool.commonPool-worker-7" daemon [_thread_blocked, id=10000, stack(0x00000054c4e00000,0x00000054c5300000)]
  0x0000021ac650a000 JavaThread "Timer-1" [_thread_blocked, id=23460, stack(0x00000054c5300000,0x00000054c5800000)]
  0x0000021ac650e800 JavaThread "Monitor File Timestamp Swing Worker Thread" [_thread_blocked, id=17948, stack(0x00000054c5800000,0x00000054c5d00000)]
  0x0000021ac6512000 JavaThread "ForkJoinPool.commonPool-worker-9" daemon [_thread_blocked, id=22280, stack(0x00000054c0200000,0x00000054c0700000)]
  0x0000021ac650e000 JavaThread "ForkJoinPool.commonPool-worker-11" daemon [_thread_blocked, id=11312, stack(0x00000054c5d00000,0x00000054c6200000)]
  0x0000021abe8ed800 JavaThread "Run Simulation Thread" [_thread_blocked, id=21608, stack(0x00000054bcb00000,0x00000054bd000000)]
  0x0000021abe8fa000 JavaThread "Image Fetcher 0" daemon [_thread_blocked, id=21284, stack(0x00000054c4300000,0x00000054c4800000)]
  0x0000021abe8f8000 JavaThread "C2 CompilerThread1" daemon [_thread_blocked, id=18388, stack(0x00000054b5200000,0x00000054b5300000)]

Other Threads:
  0x0000021ad1e46800 VMThread "VM Thread" [stack: 0x00000054b7000000,0x00000054b7100000] [id=5572]
  0x0000021aae061800 WatcherThread [stack: 0x00000054b9800000,0x00000054b9900000] [id=12948]
  0x0000021a97941800 GCTaskThread "GC Thread#0" [stack: 0x00000054b6b00000,0x00000054b6c00000] [id=24556]
  0x0000021aa8db1000 GCTaskThread "GC Thread#1" [stack: 0x00000054ba800000,0x00000054ba900000] [id=12308]
  0x0000021aa833d000 GCTaskThread "GC Thread#2" [stack: 0x00000054ba900000,0x00000054baa00000] [id=14596]
  0x0000021aa8a7e800 GCTaskThread "GC Thread#3" [stack: 0x00000054baa00000,0x00000054bab00000] [id=15916]
  0x0000021aa82a9000 GCTaskThread "GC Thread#4" [stack: 0x00000054bab00000,0x00000054bac00000] [id=23868]
  0x0000021aa8d0d000 GCTaskThread "GC Thread#5" [stack: 0x00000054bac00000,0x00000054bad00000] [id=22588]
  0x0000021aa8192800 GCTaskThread "GC Thread#6" [stack: 0x00000054bc300000,0x00000054bc400000] [id=4292]
  0x0000021aa8193000 GCTaskThread "GC Thread#7" [stack: 0x00000054bc400000,0x00000054bc500000] [id=14104]
  0x0000021ad41be000 ConcurrentGCThread "G1 Main Marker" [stack: 0x00000054b6c00000,0x00000054b6d00000] [id=11844]
  0x0000021a92061800 ConcurrentGCThread "G1 Conc#0" [stack: 0x00000054b6d00000,0x00000054b6e00000] [id=9452]
  0x0000021aa8195800 ConcurrentGCThread "G1 Conc#1" [stack: 0x00000054bc500000,0x00000054bc600000] [id=9928]
  0x0000021a973fc800 ConcurrentGCThread "G1 Refine#0" [stack: 0x00000054b6e00000,0x00000054b6f00000] [id=23056]
  0x0000021aa8d7f800 ConcurrentGCThread "G1 Refine#1" [stack: 0x00000054bad00000,0x00000054bae00000] [id=9512]
  0x0000021aa8b84800 ConcurrentGCThread "G1 Refine#2" [stack: 0x00000054bae00000,0x00000054baf00000] [id=23864]
  0x0000021a9738b800 ConcurrentGCThread "G1 Young RemSet Sampling" [stack: 0x00000054b6f00000,0x00000054b7000000] [id=13240]

Threads with active compile tasks:
C2 CompilerThread021660       4       ui.views.Q.b.a.a::getTreeCellRendererComponent (438 bytes)

VM state:not at safepoint (normal execution)

VM Mutex/Monitor currently owned by a thread: None

Heap address: 0x0000000740000000, size: 3072 MB, Compressed Oops mode: Zero based, Oop shift amount: 3
Narrow klass base: 0x0000000800000000, Narrow klass shift: 0
Compressed class space size: 1073741824 Address: 0x0000000800000000

Heap:
 garbage-first heap   total 262144K, used 146550K [0x0000000740000000, 0x0000000800000000)
  region size 1024K, 12 young (12288K), 1 survivors (1024K)
 Metaspace       used 107861K, capacity 110449K, committed 110672K, reserved 1144832K
  class space    used 14858K, capacity 16002K, committed 16128K, reserved 1048576K
Heap Regions: E=young(eden), S=young(survivor), O=old, HS=humongous(starts), HC=humongous(continues), CS=collection set, F=free, A=archive, TAMS=top-at-mark-start (previous, next)
|   0|0x0000000740000000, 0x0000000740100000, 0x0000000740100000|100%|HS|  |TAMS 0x0000000740100000, 0x0000000740000000| Complete 
|   1|0x0000000740100000, 0x0000000740200000, 0x0000000740200000|100%|HC|  |TAMS 0x0000000740200000, 0x0000000740100000| Complete 
|   2|0x0000000740200000, 0x0000000740300000, 0x0000000740300000|100%|HS|  |TAMS 0x0000000740300000, 0x0000000740200000| Complete 
|   3|0x0000000740300000, 0x0000000740400000, 0x0000000740400000|100%| O|  |TAMS 0x0000000740400000, 0x0000000740300000| Untracked 
|   4|0x0000000740400000, 0x00000007404ffff8, 0x0000000740500000| 99%| O|  |TAMS 0x00000007404ffff8, 0x0000000740400000| Untracked 
|   5|0x0000000740500000, 0x00000007405ffff8, 0x0000000740600000| 99%| O|  |TAMS 0x00000007405ffff8, 0x0000000740500000| Untracked 
|   6|0x0000000740600000, 0x00000007406ffff8, 0x0000000740700000| 99%| O|  |TAMS 0x00000007406ffff8, 0x0000000740600000| Untracked 
|   7|0x0000000740700000, 0x00000007407ffff8, 0x0000000740800000| 99%| O|  |TAMS 0x00000007407ffff8, 0x0000000740700000| Untracked 
|   8|0x0000000740800000, 0x00000007408ffff8, 0x0000000740900000| 99%| O|  |TAMS 0x00000007408ffff8, 0x0000000740800000| Untracked 
|   9|0x0000000740900000, 0x00000007409ffff8, 0x0000000740a00000| 99%| O|  |TAMS 0x00000007409ffff8, 0x0000000740900000| Untracked 
|  10|0x0000000740a00000, 0x0000000740affff8, 0x0000000740b00000| 99%| O|  |TAMS 0x0000000740affff8, 0x0000000740a00000| Untracked 
|  11|0x0000000740b00000, 0x0000000740bffff8, 0x0000000740c00000| 99%| O|  |TAMS 0x0000000740bffff8, 0x0000000740b00000| Untracked 
|  12|0x0000000740c00000, 0x0000000740cfe8a0, 0x0000000740d00000| 99%| O|  |TAMS 0x0000000740cfe8a0, 0x0000000740c00000| Untracked 
|  13|0x0000000740d00000, 0x0000000740de75c8, 0x0000000740e00000| 90%| O|  |TAMS 0x0000000740de75c8, 0x0000000740d00000| Untracked 
|  14|0x0000000740e00000, 0x0000000740efffc8, 0x0000000740f00000| 99%| O|  |TAMS 0x0000000740efffc8, 0x0000000740e00000| Untracked 
|  15|0x0000000740f00000, 0x0000000740fffff8, 0x0000000741000000| 99%| O|  |TAMS 0x0000000740fffff8, 0x0000000740f00000| Untracked 
|  16|0x0000000741000000, 0x00000007410f6518, 0x0000000741100000| 96%| O|  |TAMS 0x00000007410f6518, 0x0000000741000000| Untracked 
|  17|0x0000000741100000, 0x0000000741200000, 0x0000000741200000|100%| O|  |TAMS 0x0000000741200000, 0x0000000741100000| Untracked 
|  18|0x0000000741200000, 0x00000007412fffc8, 0x0000000741300000| 99%| O|  |TAMS 0x00000007412fffc8, 0x0000000741200000| Untracked 
|  19|0x0000000741300000, 0x00000007413ffff0, 0x0000000741400000| 99%| O|  |TAMS 0x00000007413ffff0, 0x0000000741300000| Untracked 
|  20|0x0000000741400000, 0x00000007414ffff0, 0x0000000741500000| 99%| O|  |TAMS 0x00000007414ffff0, 0x0000000741400000| Untracked 
|  21|0x0000000741500000, 0x0000000741600000, 0x0000000741600000|100%|HS|  |TAMS 0x0000000741600000, 0x0000000741500000| Complete 
|  22|0x0000000741600000, 0x0000000741700000, 0x0000000741700000|100%|HC|  |TAMS 0x0000000741700000, 0x0000000741600000| Complete 
|  23|0x0000000741700000, 0x00000007417ffff8, 0x0000000741800000| 99%| O|  |TAMS 0x00000007417ffff8, 0x0000000741700000| Untracked 
|  24|0x0000000741800000, 0x00000007418ffff8, 0x0000000741900000| 99%| O|  |TAMS 0x00000007418ffff8, 0x0000000741800000| Untracked 
|  25|0x0000000741900000, 0x0000000741a00000, 0x0000000741a00000|100%| O|  |TAMS 0x0000000741a00000, 0x0000000741900000| Untracked 
|  26|0x0000000741a00000, 0x0000000741afffe0, 0x0000000741b00000| 99%| O|  |TAMS 0x0000000741afffe0, 0x0000000741a00000| Untracked 
|  27|0x0000000741b00000, 0x0000000741c00000, 0x0000000741c00000|100%| O|  |TAMS 0x0000000741c00000, 0x0000000741b00000| Untracked 
|  28|0x0000000741c00000, 0x0000000741cfffa8, 0x0000000741d00000| 99%| O|  |TAMS 0x0000000741cfffa8, 0x0000000741c00000| Untracked 
|  29|0x0000000741d00000, 0x0000000741e00000, 0x0000000741e00000|100%| O|  |TAMS 0x0000000741e00000, 0x0000000741d00000| Untracked 
|  30|0x0000000741e00000, 0x0000000741effff0, 0x0000000741f00000| 99%| O|  |TAMS 0x0000000741effff0, 0x0000000741e00000| Untracked 
|  31|0x0000000741f00000, 0x0000000741fffff8, 0x0000000742000000| 99%| O|  |TAMS 0x0000000741fffff8, 0x0000000741f00000| Untracked 
|  32|0x0000000742000000, 0x0000000742100000, 0x0000000742100000|100%| O|  |TAMS 0x0000000742100000, 0x0000000742000000| Untracked 
|  33|0x0000000742100000, 0x00000007421ffff0, 0x0000000742200000| 99%| O|  |TAMS 0x00000007421ffff0, 0x0000000742100000| Untracked 
|  34|0x0000000742200000, 0x00000007422fffe8, 0x0000000742300000| 99%| O|  |TAMS 0x00000007422fffe8, 0x0000000742200000| Untracked 
|  35|0x0000000742300000, 0x00000007423ffff8, 0x0000000742400000| 99%| O|  |TAMS 0x00000007423ffff8, 0x0000000742300000| Untracked 
|  36|0x0000000742400000, 0x00000007424fffb0, 0x0000000742500000| 99%| O|  |TAMS 0x00000007424fffb0, 0x0000000742400000| Untracked 
|  37|0x0000000742500000, 0x00000007425fff88, 0x0000000742600000| 99%| O|  |TAMS 0x00000007425fff88, 0x0000000742500000| Untracked 
|  38|0x0000000742600000, 0x0000000742700000, 0x0000000742700000|100%| O|  |TAMS 0x0000000742700000, 0x0000000742600000| Untracked 
|  39|0x0000000742700000, 0x00000007427ffff8, 0x0000000742800000| 99%| O|  |TAMS 0x00000007427ffff8, 0x0000000742700000| Untracked 
|  40|0x0000000742800000, 0x00000007428ffff0, 0x0000000742900000| 99%| O|  |TAMS 0x00000007428ffff0, 0x0000000742800000| Untracked 
|  41|0x0000000742900000, 0x0000000742a00000, 0x0000000742a00000|100%| O|  |TAMS 0x0000000742a00000, 0x0000000742900000| Untracked 
|  42|0x0000000742a00000, 0x0000000742b00000, 0x0000000742b00000|100%| O|  |TAMS 0x0000000742b00000, 0x0000000742a00000| Untracked 
|  43|0x0000000742b00000, 0x0000000742bffff0, 0x0000000742c00000| 99%| O|  |TAMS 0x0000000742bffff0, 0x0000000742b00000| Untracked 
|  44|0x0000000742c00000, 0x0000000742d00000, 0x0000000742d00000|100%| O|  |TAMS 0x0000000742d00000, 0x0000000742c00000| Untracked 
|  45|0x0000000742d00000, 0x0000000742dffff0, 0x0000000742e00000| 99%| O|  |TAMS 0x0000000742dffff0, 0x0000000742d00000| Untracked 
|  46|0x0000000742e00000, 0x0000000742eff308, 0x0000000742f00000| 99%| O|  |TAMS 0x0000000742eff308, 0x0000000742e00000| Untracked 
|  47|0x0000000742f00000, 0x0000000742ffffd0, 0x0000000743000000| 99%| O|  |TAMS 0x0000000742ffffd0, 0x0000000742f00000| Untracked 
|  48|0x0000000743000000, 0x00000007430ffff0, 0x0000000743100000| 99%| O|  |TAMS 0x00000007430ffff0, 0x0000000743000000| Untracked 
|  49|0x0000000743100000, 0x0000000743200000, 0x0000000743200000|100%| O|  |TAMS 0x0000000743200000, 0x0000000743100000| Untracked 
|  50|0x0000000743200000, 0x0000000743300000, 0x0000000743300000|100%| O|  |TAMS 0x0000000743300000, 0x0000000743200000| Untracked 
|  51|0x0000000743300000, 0x0000000743400000, 0x0000000743400000|100%| O|  |TAMS 0x0000000743400000, 0x0000000743300000| Untracked 
|  52|0x0000000743400000, 0x0000000743500000, 0x0000000743500000|100%| O|  |TAMS 0x0000000743500000, 0x0000000743400000| Untracked 
|  53|0x0000000743500000, 0x0000000743600000, 0x0000000743600000|100%|HS|  |TAMS 0x0000000743600000, 0x0000000743500000| Complete 
|  54|0x0000000743600000, 0x0000000743700000, 0x0000000743700000|100%|HC|  |TAMS 0x0000000743700000, 0x0000000743600000| Complete 
|  55|0x0000000743700000, 0x0000000743800000, 0x0000000743800000|100%|HC|  |TAMS 0x0000000743800000, 0x0000000743700000| Complete 
|  56|0x0000000743800000, 0x0000000743900000, 0x0000000743900000|100%|HC|  |TAMS 0x0000000743900000, 0x0000000743800000| Complete 
|  57|0x0000000743900000, 0x0000000743a00000, 0x0000000743a00000|100%|HC|  |TAMS 0x0000000743a00000, 0x0000000743900000| Complete 
|  58|0x0000000743a00000, 0x0000000743afffe8, 0x0000000743b00000| 99%| O|  |TAMS 0x0000000743afffe8, 0x0000000743a00000| Untracked 
|  59|0x0000000743b00000, 0x0000000743bffff8, 0x0000000743c00000| 99%| O|  |TAMS 0x0000000743bffff8, 0x0000000743b00000| Untracked 
|  60|0x0000000743c00000, 0x0000000743cffff8, 0x0000000743d00000| 99%| O|  |TAMS 0x0000000743cffff8, 0x0000000743c00000| Untracked 
|  61|0x0000000743d00000, 0x0000000743e00000, 0x0000000743e00000|100%| O|  |TAMS 0x0000000743e00000, 0x0000000743d00000| Untracked 
|  62|0x0000000743e00000, 0x0000000743efffe0, 0x0000000743f00000| 99%| O|  |TAMS 0x0000000743efffe0, 0x0000000743e00000| Untracked 
|  63|0x0000000743f00000, 0x0000000743ffffd8, 0x0000000744000000| 99%| O|  |TAMS 0x0000000743ffffd8, 0x0000000743f00000| Untracked 
|  64|0x0000000744000000, 0x00000007440fffb0, 0x0000000744100000| 99%| O|  |TAMS 0x00000007440fffb0, 0x0000000744000000| Untracked 
|  65|0x0000000744100000, 0x00000007441fea58, 0x0000000744200000| 99%| O|  |TAMS 0x00000007441fea58, 0x0000000744100000| Untracked 
|  66|0x0000000744200000, 0x0000000744300000, 0x0000000744300000|100%| O|  |TAMS 0x0000000744300000, 0x0000000744200000| Untracked 
|  67|0x0000000744300000, 0x0000000744400000, 0x0000000744400000|100%|HS|  |TAMS 0x0000000744400000, 0x0000000744300000| Complete 
|  68|0x0000000744400000, 0x00000007444fffe8, 0x0000000744500000| 99%| O|  |TAMS 0x00000007444fffe8, 0x0000000744400000| Untracked 
|  69|0x0000000744500000, 0x00000007445fffe8, 0x0000000744600000| 99%| O|  |TAMS 0x00000007445fffe8, 0x0000000744500000| Untracked 
|  70|0x0000000744600000, 0x0000000744700000, 0x0000000744700000|100%|HS|  |TAMS 0x0000000744700000, 0x0000000744600000| Complete 
|  71|0x0000000744700000, 0x0000000744800000, 0x0000000744800000|100%| O|  |TAMS 0x0000000744800000, 0x0000000744700000| Untracked 
|  72|0x0000000744800000, 0x00000007448fffe8, 0x0000000744900000| 99%| O|  |TAMS 0x00000007448fffe8, 0x0000000744800000| Untracked 
|  73|0x0000000744900000, 0x0000000744a00000, 0x0000000744a00000|100%|HS|  |TAMS 0x0000000744a00000, 0x0000000744900000| Complete 
|  74|0x0000000744a00000, 0x0000000744afffd8, 0x0000000744b00000| 99%| O|  |TAMS 0x0000000744afffd8, 0x0000000744a00000| Untracked 
|  75|0x0000000744b00000, 0x0000000744bfffa0, 0x0000000744c00000| 99%| O|  |TAMS 0x0000000744bfffa0, 0x0000000744b00000| Untracked 
|  76|0x0000000744c00000, 0x0000000744cffff0, 0x0000000744d00000| 99%| O|  |TAMS 0x0000000744cffff0, 0x0000000744c00000| Untracked 
|  77|0x0000000744d00000, 0x0000000744dfec68, 0x0000000744e00000| 99%| O|  |TAMS 0x0000000744dfec68, 0x0000000744d00000| Untracked 
|  78|0x0000000744e00000, 0x0000000744effff8, 0x0000000744f00000| 99%| O|  |TAMS 0x0000000744effff8, 0x0000000744e00000| Untracked 
|  79|0x0000000744f00000, 0x0000000745000000, 0x0000000745000000|100%| O|  |TAMS 0x0000000745000000, 0x0000000744f00000| Untracked 
|  80|0x0000000745000000, 0x00000007450ffe28, 0x0000000745100000| 99%| O|  |TAMS 0x00000007450ffe28, 0x0000000745000000| Untracked 
|  81|0x0000000745100000, 0x0000000745200000, 0x0000000745200000|100%| O|  |TAMS 0x0000000745200000, 0x0000000745100000| Untracked 
|  82|0x0000000745200000, 0x00000007452ffd38, 0x0000000745300000| 99%| O|  |TAMS 0x00000007452ffd38, 0x0000000745200000| Untracked 
|  83|0x0000000745300000, 0x00000007453ffff0, 0x0000000745400000| 99%| O|  |TAMS 0x00000007453ffff0, 0x0000000745300000| Untracked 
|  84|0x0000000745400000, 0x00000007454fffe8, 0x0000000745500000| 99%| O|  |TAMS 0x00000007454fffe8, 0x0000000745400000| Untracked 
|  85|0x0000000745500000, 0x00000007455ffa90, 0x0000000745600000| 99%| O|  |TAMS 0x00000007455ffa90, 0x0000000745500000| Untracked 
|  86|0x0000000745600000, 0x00000007456ffff0, 0x0000000745700000| 99%| O|  |TAMS 0x00000007456ffff0, 0x0000000745600000| Untracked 
|  87|0x0000000745700000, 0x00000007457ffff8, 0x0000000745800000| 99%| O|  |TAMS 0x00000007457ffff8, 0x0000000745700000| Untracked 
|  88|0x0000000745800000, 0x00000007458ffff8, 0x0000000745900000| 99%| O|  |TAMS 0x00000007458ffff8, 0x0000000745800000| Untracked 
|  89|0x0000000745900000, 0x00000007459fffd8, 0x0000000745a00000| 99%| O|  |TAMS 0x00000007459fffd8, 0x0000000745900000| Untracked 
|  90|0x0000000745a00000, 0x0000000745afe3d0, 0x0000000745b00000| 99%| O|  |TAMS 0x0000000745afe3d0, 0x0000000745a00000| Untracked 
|  91|0x0000000745b00000, 0x0000000745bffed0, 0x0000000745c00000| 99%| O|  |TAMS 0x0000000745bffed0, 0x0000000745b00000| Untracked 
|  92|0x0000000745c00000, 0x0000000745cffff8, 0x0000000745d00000| 99%| O|  |TAMS 0x0000000745cffff8, 0x0000000745c00000| Untracked 
|  93|0x0000000745d00000, 0x0000000745dfff18, 0x0000000745e00000| 99%| O|  |TAMS 0x0000000745dfff18, 0x0000000745d00000| Untracked 
|  94|0x0000000745e00000, 0x0000000745edca00, 0x0000000745f00000| 86%| O|  |TAMS 0x0000000745edca00, 0x0000000745e00000| Untracked 
|  95|0x0000000745f00000, 0x0000000746000000, 0x0000000746000000|100%| O|  |TAMS 0x0000000746000000, 0x0000000745f00000| Untracked 
|  96|0x0000000746000000, 0x00000007460f6c58, 0x0000000746100000| 96%| O|  |TAMS 0x00000007460f6c58, 0x0000000746000000| Untracked 
|  97|0x0000000746100000, 0x00000007461f9868, 0x0000000746200000| 97%| O|  |TAMS 0x00000007461f9868, 0x0000000746100000| Untracked 
|  98|0x0000000746200000, 0x00000007462220b0, 0x0000000746300000| 13%| O|  |TAMS 0x00000007462220b0, 0x0000000746200000| Untracked 
|  99|0x0000000746300000, 0x0000000746300000, 0x0000000746400000|  0%| F|  |TAMS 0x0000000746300000, 0x0000000746300000| Untracked 
| 100|0x0000000746400000, 0x0000000746400000, 0x0000000746500000|  0%| F|  |TAMS 0x0000000746400000, 0x0000000746400000| Untracked 
| 101|0x0000000746500000, 0x0000000746500000, 0x0000000746600000|  0%| F|  |TAMS 0x0000000746500000, 0x0000000746500000| Untracked 
| 102|0x0000000746600000, 0x0000000746600000, 0x0000000746700000|  0%| F|  |TAMS 0x0000000746600000, 0x0000000746600000| Untracked 
| 103|0x0000000746700000, 0x0000000746700000, 0x0000000746800000|  0%| F|  |TAMS 0x0000000746700000, 0x0000000746700000| Untracked 
| 104|0x0000000746800000, 0x0000000746800000, 0x0000000746900000|  0%| F|  |TAMS 0x0000000746800000, 0x0000000746800000| Untracked 
| 105|0x0000000746900000, 0x0000000746900000, 0x0000000746a00000|  0%| F|  |TAMS 0x0000000746900000, 0x0000000746900000| Untracked 
| 106|0x0000000746a00000, 0x0000000746a00000, 0x0000000746b00000|  0%| F|  |TAMS 0x0000000746a00000, 0x0000000746a00000| Untracked 
| 107|0x0000000746b00000, 0x0000000746b00000, 0x0000000746c00000|  0%| F|  |TAMS 0x0000000746b00000, 0x0000000746b00000| Untracked 
| 108|0x0000000746c00000, 0x0000000746c00000, 0x0000000746d00000|  0%| F|  |TAMS 0x0000000746c00000, 0x0000000746c00000| Untracked 
| 109|0x0000000746d00000, 0x0000000746d00000, 0x0000000746e00000|  0%| F|  |TAMS 0x0000000746d00000, 0x0000000746d00000| Untracked 
| 110|0x0000000746e00000, 0x0000000746e00000, 0x0000000746f00000|  0%| F|  |TAMS 0x0000000746e00000, 0x0000000746e00000| Untracked 
| 111|0x0000000746f00000, 0x0000000746f00000, 0x0000000747000000|  0%| F|  |TAMS 0x0000000746f00000, 0x0000000746f00000| Untracked 
| 112|0x0000000747000000, 0x0000000747000000, 0x0000000747100000|  0%| F|  |TAMS 0x0000000747000000, 0x0000000747000000| Untracked 
| 113|0x0000000747100000, 0x0000000747100000, 0x0000000747200000|  0%| F|  |TAMS 0x0000000747100000, 0x0000000747100000| Untracked 
| 114|0x0000000747200000, 0x0000000747200000, 0x0000000747300000|  0%| F|  |TAMS 0x0000000747200000, 0x0000000747200000| Untracked 
| 115|0x0000000747300000, 0x0000000747300000, 0x0000000747400000|  0%| F|  |TAMS 0x0000000747300000, 0x0000000747300000| Untracked 
| 116|0x0000000747400000, 0x0000000747400000, 0x0000000747500000|  0%| F|  |TAMS 0x0000000747400000, 0x0000000747400000| Untracked 
| 117|0x0000000747500000, 0x0000000747500000, 0x0000000747600000|  0%| F|  |TAMS 0x0000000747500000, 0x0000000747500000| Untracked 
| 118|0x0000000747600000, 0x0000000747600000, 0x0000000747700000|  0%| F|  |TAMS 0x0000000747600000, 0x0000000747600000| Untracked 
| 119|0x0000000747700000, 0x0000000747700000, 0x0000000747800000|  0%| F|  |TAMS 0x0000000747700000, 0x0000000747700000| Untracked 
| 120|0x0000000747800000, 0x0000000747900000, 0x0000000747900000|100%|HS|  |TAMS 0x0000000747900000, 0x0000000747800000| Complete 
| 121|0x0000000747900000, 0x0000000747a00000, 0x0000000747a00000|100%|HC|  |TAMS 0x0000000747a00000, 0x0000000747900000| Complete 
| 122|0x0000000747a00000, 0x0000000747b00000, 0x0000000747b00000|100%|HC|  |TAMS 0x0000000747b00000, 0x0000000747a00000| Complete 
| 123|0x0000000747b00000, 0x0000000747c00000, 0x0000000747c00000|100%|HC|  |TAMS 0x0000000747c00000, 0x0000000747b00000| Complete 
| 124|0x0000000747c00000, 0x0000000747d00000, 0x0000000747d00000|100%|HC|  |TAMS 0x0000000747d00000, 0x0000000747c00000| Complete 
| 125|0x0000000747d00000, 0x0000000747e00000, 0x0000000747e00000|100%|HC|  |TAMS 0x0000000747e00000, 0x0000000747d00000| Complete 
| 126|0x0000000747e00000, 0x0000000747f00000, 0x0000000747f00000|100%|HC|  |TAMS 0x0000000747f00000, 0x0000000747e00000| Complete 
| 127|0x0000000747f00000, 0x0000000748000000, 0x0000000748000000|100%|HC|  |TAMS 0x0000000748000000, 0x0000000747f00000| Complete 
| 128|0x0000000748000000, 0x0000000748100000, 0x0000000748100000|100%|HC|  |TAMS 0x0000000748100000, 0x0000000748000000| Complete 
| 129|0x0000000748100000, 0x0000000748200000, 0x0000000748200000|100%|HC|  |TAMS 0x0000000748200000, 0x0000000748100000| Complete 
| 130|0x0000000748200000, 0x0000000748300000, 0x0000000748300000|100%|HC|  |TAMS 0x0000000748300000, 0x0000000748200000| Complete 
| 131|0x0000000748300000, 0x0000000748400000, 0x0000000748400000|100%|HC|  |TAMS 0x0000000748400000, 0x0000000748300000| Complete 
| 132|0x0000000748400000, 0x0000000748500000, 0x0000000748500000|100%|HC|  |TAMS 0x0000000748500000, 0x0000000748400000| Complete 
| 133|0x0000000748500000, 0x0000000748600000, 0x0000000748600000|100%|HC|  |TAMS 0x0000000748600000, 0x0000000748500000| Complete 
| 134|0x0000000748600000, 0x0000000748700000, 0x0000000748700000|100%|HC|  |TAMS 0x0000000748700000, 0x0000000748600000| Complete 
| 135|0x0000000748700000, 0x0000000748800000, 0x0000000748800000|100%|HC|  |TAMS 0x0000000748800000, 0x0000000748700000| Complete 
| 136|0x0000000748800000, 0x0000000748900000, 0x0000000748900000|100%|HC|  |TAMS 0x0000000748900000, 0x0000000748800000| Complete 
| 137|0x0000000748900000, 0x0000000748900000, 0x0000000748a00000|  0%| F|  |TAMS 0x0000000748900000, 0x0000000748900000| Untracked 
| 138|0x0000000748a00000, 0x0000000748a00000, 0x0000000748b00000|  0%| F|  |TAMS 0x0000000748a00000, 0x0000000748a00000| Untracked 
| 139|0x0000000748b00000, 0x0000000748b00000, 0x0000000748c00000|  0%| F|  |TAMS 0x0000000748b00000, 0x0000000748b00000| Untracked 
| 140|0x0000000748c00000, 0x0000000748c00000, 0x0000000748d00000|  0%| F|  |TAMS 0x0000000748c00000, 0x0000000748c00000| Untracked 
| 141|0x0000000748d00000, 0x0000000748d00000, 0x0000000748e00000|  0%| F|  |TAMS 0x0000000748d00000, 0x0000000748d00000| Untracked 
| 142|0x0000000748e00000, 0x0000000748e00000, 0x0000000748f00000|  0%| F|  |TAMS 0x0000000748e00000, 0x0000000748e00000| Untracked 
| 143|0x0000000748f00000, 0x0000000748f00000, 0x0000000749000000|  0%| F|  |TAMS 0x0000000748f00000, 0x0000000748f00000| Untracked 
| 144|0x0000000749000000, 0x0000000749000000, 0x0000000749100000|  0%| F|  |TAMS 0x0000000749000000, 0x0000000749000000| Untracked 
| 145|0x0000000749100000, 0x0000000749100000, 0x0000000749200000|  0%| F|  |TAMS 0x0000000749100000, 0x0000000749100000| Untracked 
| 146|0x0000000749200000, 0x0000000749200000, 0x0000000749300000|  0%| F|  |TAMS 0x0000000749200000, 0x0000000749200000| Untracked 
| 147|0x0000000749300000, 0x0000000749300000, 0x0000000749400000|  0%| F|  |TAMS 0x0000000749300000, 0x0000000749300000| Untracked 
| 148|0x0000000749400000, 0x0000000749400000, 0x0000000749500000|  0%| F|  |TAMS 0x0000000749400000, 0x0000000749400000| Untracked 
| 149|0x0000000749500000, 0x0000000749500000, 0x0000000749600000|  0%| F|  |TAMS 0x0000000749500000, 0x0000000749500000| Untracked 
| 150|0x0000000749600000, 0x0000000749600000, 0x0000000749700000|  0%| F|  |TAMS 0x0000000749600000, 0x0000000749600000| Untracked 
| 151|0x0000000749700000, 0x0000000749702b80, 0x0000000749800000|  1%| O|  |TAMS 0x0000000749702b80, 0x0000000749700000| Untracked 
| 152|0x0000000749800000, 0x0000000749900000, 0x0000000749900000|100%|HS|  |TAMS 0x0000000749800000, 0x0000000749800000| Complete 
| 153|0x0000000749900000, 0x0000000749a00000, 0x0000000749a00000|100%|HC|  |TAMS 0x0000000749900000, 0x0000000749900000| Complete 
| 154|0x0000000749a00000, 0x0000000749b00000, 0x0000000749b00000|100%|HC|  |TAMS 0x0000000749a00000, 0x0000000749a00000| Complete 
| 155|0x0000000749b00000, 0x0000000749c00000, 0x0000000749c00000|100%|HC|  |TAMS 0x0000000749b00000, 0x0000000749b00000| Complete 
| 156|0x0000000749c00000, 0x0000000749d00000, 0x0000000749d00000|100%|HC|  |TAMS 0x0000000749c00000, 0x0000000749c00000| Complete 
| 157|0x0000000749d00000, 0x0000000749e00000, 0x0000000749e00000|100%|HC|  |TAMS 0x0000000749d00000, 0x0000000749d00000| Complete 
| 158|0x0000000749e00000, 0x0000000749f00000, 0x0000000749f00000|100%|HC|  |TAMS 0x0000000749e00000, 0x0000000749e00000| Complete 
| 159|0x0000000749f00000, 0x000000074a000000, 0x000000074a000000|100%|HC|  |TAMS 0x0000000749f00000, 0x0000000749f00000| Complete 
| 160|0x000000074a000000, 0x000000074a100000, 0x000000074a100000|100%|HC|  |TAMS 0x000000074a000000, 0x000000074a000000| Complete 
| 161|0x000000074a100000, 0x000000074a200000, 0x000000074a200000|100%|HC|  |TAMS 0x000000074a100000, 0x000000074a100000| Complete 
| 162|0x000000074a200000, 0x000000074a300000, 0x000000074a300000|100%|HC|  |TAMS 0x000000074a200000, 0x000000074a200000| Complete 
| 163|0x000000074a300000, 0x000000074a400000, 0x000000074a400000|100%|HC|  |TAMS 0x000000074a300000, 0x000000074a300000| Complete 
| 164|0x000000074a400000, 0x000000074a500000, 0x000000074a500000|100%|HC|  |TAMS 0x000000074a400000, 0x000000074a400000| Complete 
| 165|0x000000074a500000, 0x000000074a600000, 0x000000074a600000|100%|HC|  |TAMS 0x000000074a500000, 0x000000074a500000| Complete 
| 166|0x000000074a600000, 0x000000074a700000, 0x000000074a700000|100%|HC|  |TAMS 0x000000074a600000, 0x000000074a600000| Complete 
| 167|0x000000074a700000, 0x000000074a800000, 0x000000074a800000|100%|HC|  |TAMS 0x000000074a700000, 0x000000074a700000| Complete 
| 168|0x000000074a800000, 0x000000074a900000, 0x000000074a900000|100%|HC|  |TAMS 0x000000074a800000, 0x000000074a800000| Complete 
| 169|0x000000074a900000, 0x000000074aa00000, 0x000000074aa00000|100%|HC|  |TAMS 0x000000074a900000, 0x000000074a900000| Complete 
| 170|0x000000074aa00000, 0x000000074aa00000, 0x000000074ab00000|  0%| F|  |TAMS 0x000000074aa00000, 0x000000074aa00000| Untracked 
| 171|0x000000074ab00000, 0x000000074ab00000, 0x000000074ac00000|  0%| F|  |TAMS 0x000000074ab00000, 0x000000074ab00000| Untracked 
| 172|0x000000074ac00000, 0x000000074ac00000, 0x000000074ad00000|  0%| F|  |TAMS 0x000000074ac00000, 0x000000074ac00000| Untracked 
| 173|0x000000074ad00000, 0x000000074ad00000, 0x000000074ae00000|  0%| F|  |TAMS 0x000000074ad00000, 0x000000074ad00000| Untracked 
| 174|0x000000074ae00000, 0x000000074ae00000, 0x000000074af00000|  0%| F|  |TAMS 0x000000074ae00000, 0x000000074ae00000| Untracked 
| 175|0x000000074af00000, 0x000000074af00000, 0x000000074b000000|  0%| F|  |TAMS 0x000000074af00000, 0x000000074af00000| Untracked 
| 176|0x000000074b000000, 0x000000074b000000, 0x000000074b100000|  0%| F|  |TAMS 0x000000074b000000, 0x000000074b000000| Untracked 
| 177|0x000000074b100000, 0x000000074b100000, 0x000000074b200000|  0%| F|  |TAMS 0x000000074b100000, 0x000000074b100000| Untracked 
| 178|0x000000074b200000, 0x000000074b200000, 0x000000074b300000|  0%| F|  |TAMS 0x000000074b200000, 0x000000074b200000| Untracked 
| 179|0x000000074b300000, 0x000000074b300000, 0x000000074b400000|  0%| F|  |TAMS 0x000000074b300000, 0x000000074b300000| Untracked 
| 180|0x000000074b400000, 0x000000074b400000, 0x000000074b500000|  0%| F|  |TAMS 0x000000074b400000, 0x000000074b400000| Untracked 
| 181|0x000000074b500000, 0x000000074b500000, 0x000000074b600000|  0%| F|  |TAMS 0x000000074b500000, 0x000000074b500000| Untracked 
| 182|0x000000074b600000, 0x000000074b600000, 0x000000074b700000|  0%| F|  |TAMS 0x000000074b600000, 0x000000074b600000| Untracked 
| 183|0x000000074b700000, 0x000000074b700000, 0x000000074b800000|  0%| F|  |TAMS 0x000000074b700000, 0x000000074b700000| Untracked 
| 184|0x000000074b800000, 0x000000074b800000, 0x000000074b900000|  0%| F|  |TAMS 0x000000074b800000, 0x000000074b800000| Untracked 
| 185|0x000000074b900000, 0x000000074b900000, 0x000000074ba00000|  0%| F|  |TAMS 0x000000074b900000, 0x000000074b900000| Untracked 
| 186|0x000000074ba00000, 0x000000074ba00000, 0x000000074bb00000|  0%| F|  |TAMS 0x000000074ba00000, 0x000000074ba00000| Untracked 
| 187|0x000000074bb00000, 0x000000074bb00000, 0x000000074bc00000|  0%| F|  |TAMS 0x000000074bb00000, 0x000000074bb00000| Untracked 
| 188|0x000000074bc00000, 0x000000074bc00000, 0x000000074bd00000|  0%| F|  |TAMS 0x000000074bc00000, 0x000000074bc00000| Untracked 
| 189|0x000000074bd00000, 0x000000074bd00000, 0x000000074be00000|  0%| F|  |TAMS 0x000000074bd00000, 0x000000074bd00000| Untracked 
| 190|0x000000074be00000, 0x000000074be00000, 0x000000074bf00000|  0%| F|  |TAMS 0x000000074be00000, 0x000000074be00000| Untracked 
| 191|0x000000074bf00000, 0x000000074bf00000, 0x000000074c000000|  0%| F|  |TAMS 0x000000074bf00000, 0x000000074bf00000| Untracked 
| 192|0x000000074c000000, 0x000000074c000000, 0x000000074c100000|  0%| F|  |TAMS 0x000000074c000000, 0x000000074c000000| Untracked 
| 193|0x000000074c100000, 0x000000074c100000, 0x000000074c200000|  0%| F|  |TAMS 0x000000074c100000, 0x000000074c100000| Untracked 
| 194|0x000000074c200000, 0x000000074c200000, 0x000000074c300000|  0%| F|  |TAMS 0x000000074c200000, 0x000000074c200000| Untracked 
| 195|0x000000074c300000, 0x000000074c300000, 0x000000074c400000|  0%| F|  |TAMS 0x000000074c300000, 0x000000074c300000| Untracked 
| 196|0x000000074c400000, 0x000000074c400000, 0x000000074c500000|  0%| F|  |TAMS 0x000000074c400000, 0x000000074c400000| Untracked 
| 197|0x000000074c500000, 0x000000074c500000, 0x000000074c600000|  0%| F|  |TAMS 0x000000074c500000, 0x000000074c500000| Untracked 
| 198|0x000000074c600000, 0x000000074c600000, 0x000000074c700000|  0%| F|  |TAMS 0x000000074c600000, 0x000000074c600000| Untracked 
| 199|0x000000074c700000, 0x000000074c700000, 0x000000074c800000|  0%| F|  |TAMS 0x000000074c700000, 0x000000074c700000| Untracked 
| 200|0x000000074c800000, 0x000000074c800000, 0x000000074c900000|  0%| F|  |TAMS 0x000000074c800000, 0x000000074c800000| Untracked 
| 201|0x000000074c900000, 0x000000074c900000, 0x000000074ca00000|  0%| F|  |TAMS 0x000000074c900000, 0x000000074c900000| Untracked 
| 202|0x000000074ca00000, 0x000000074ca00000, 0x000000074cb00000|  0%| F|  |TAMS 0x000000074ca00000, 0x000000074ca00000| Untracked 
| 203|0x000000074cb00000, 0x000000074cb00000, 0x000000074cc00000|  0%| F|  |TAMS 0x000000074cb00000, 0x000000074cb00000| Untracked 
| 204|0x000000074cc00000, 0x000000074cc00000, 0x000000074cd00000|  0%| F|  |TAMS 0x000000074cc00000, 0x000000074cc00000| Untracked 
| 205|0x000000074cd00000, 0x000000074cd00000, 0x000000074ce00000|  0%| F|  |TAMS 0x000000074cd00000, 0x000000074cd00000| Untracked 
| 206|0x000000074ce00000, 0x000000074ce00000, 0x000000074cf00000|  0%| F|  |TAMS 0x000000074ce00000, 0x000000074ce00000| Untracked 
| 207|0x000000074cf00000, 0x000000074cf00000, 0x000000074d000000|  0%| F|  |TAMS 0x000000074cf00000, 0x000000074cf00000| Untracked 
| 208|0x000000074d000000, 0x000000074d000000, 0x000000074d100000|  0%| F|  |TAMS 0x000000074d000000, 0x000000074d000000| Untracked 
| 209|0x000000074d100000, 0x000000074d100000, 0x000000074d200000|  0%| F|  |TAMS 0x000000074d100000, 0x000000074d100000| Untracked 
| 210|0x000000074d200000, 0x000000074d200000, 0x000000074d300000|  0%| F|  |TAMS 0x000000074d200000, 0x000000074d200000| Untracked 
| 211|0x000000074d300000, 0x000000074d300000, 0x000000074d400000|  0%| F|  |TAMS 0x000000074d300000, 0x000000074d300000| Untracked 
| 212|0x000000074d400000, 0x000000074d400000, 0x000000074d500000|  0%| F|  |TAMS 0x000000074d400000, 0x000000074d400000| Untracked 
| 213|0x000000074d500000, 0x000000074d500000, 0x000000074d600000|  0%| F|  |TAMS 0x000000074d500000, 0x000000074d500000| Untracked 
| 214|0x000000074d600000, 0x000000074d600000, 0x000000074d700000|  0%| F|  |TAMS 0x000000074d600000, 0x000000074d600000| Untracked 
| 215|0x000000074d700000, 0x000000074d700000, 0x000000074d800000|  0%| F|  |TAMS 0x000000074d700000, 0x000000074d700000| Untracked 
| 216|0x000000074d800000, 0x000000074d800000, 0x000000074d900000|  0%| F|  |TAMS 0x000000074d800000, 0x000000074d800000| Untracked 
| 217|0x000000074d900000, 0x000000074d900000, 0x000000074da00000|  0%| F|  |TAMS 0x000000074d900000, 0x000000074d900000| Untracked 
| 218|0x000000074da00000, 0x000000074da00000, 0x000000074db00000|  0%| F|  |TAMS 0x000000074da00000, 0x000000074da00000| Untracked 
| 219|0x000000074db00000, 0x000000074db00000, 0x000000074dc00000|  0%| F|  |TAMS 0x000000074db00000, 0x000000074db00000| Untracked 
| 220|0x000000074dc00000, 0x000000074dc00000, 0x000000074dd00000|  0%| F|  |TAMS 0x000000074dc00000, 0x000000074dc00000| Untracked 
| 221|0x000000074dd00000, 0x000000074dd00000, 0x000000074de00000|  0%| F|  |TAMS 0x000000074dd00000, 0x000000074dd00000| Untracked 
| 222|0x000000074de00000, 0x000000074de00000, 0x000000074df00000|  0%| F|  |TAMS 0x000000074de00000, 0x000000074de00000| Untracked 
| 223|0x000000074df00000, 0x000000074df00000, 0x000000074e000000|  0%| F|  |TAMS 0x000000074df00000, 0x000000074df00000| Untracked 
| 224|0x000000074e000000, 0x000000074e000000, 0x000000074e100000|  0%| F|  |TAMS 0x000000074e000000, 0x000000074e000000| Untracked 
| 225|0x000000074e100000, 0x000000074e100000, 0x000000074e200000|  0%| F|  |TAMS 0x000000074e100000, 0x000000074e100000| Untracked 
| 226|0x000000074e200000, 0x000000074e200000, 0x000000074e300000|  0%| F|  |TAMS 0x000000074e200000, 0x000000074e200000| Untracked 
| 227|0x000000074e300000, 0x000000074e300000, 0x000000074e400000|  0%| F|  |TAMS 0x000000074e300000, 0x000000074e300000| Untracked 
| 228|0x000000074e400000, 0x000000074e400000, 0x000000074e500000|  0%| F|  |TAMS 0x000000074e400000, 0x000000074e400000| Untracked 
| 229|0x000000074e500000, 0x000000074e500000, 0x000000074e600000|  0%| F|  |TAMS 0x000000074e500000, 0x000000074e500000| Untracked 
| 230|0x000000074e600000, 0x000000074e600000, 0x000000074e700000|  0%| F|  |TAMS 0x000000074e600000, 0x000000074e600000| Untracked 
| 231|0x000000074e700000, 0x000000074e700000, 0x000000074e800000|  0%| F|  |TAMS 0x000000074e700000, 0x000000074e700000| Untracked 
| 232|0x000000074e800000, 0x000000074e800000, 0x000000074e900000|  0%| F|  |TAMS 0x000000074e800000, 0x000000074e800000| Untracked 
| 233|0x000000074e900000, 0x000000074e900000, 0x000000074ea00000|  0%| F|  |TAMS 0x000000074e900000, 0x000000074e900000| Untracked 
| 234|0x000000074ea00000, 0x000000074ea00000, 0x000000074eb00000|  0%| F|  |TAMS 0x000000074ea00000, 0x000000074ea00000| Untracked 
| 235|0x000000074eb00000, 0x000000074eb00000, 0x000000074ec00000|  0%| F|  |TAMS 0x000000074eb00000, 0x000000074eb00000| Untracked 
| 236|0x000000074ec00000, 0x000000074ec00000, 0x000000074ed00000|  0%| F|  |TAMS 0x000000074ec00000, 0x000000074ec00000| Untracked 
| 237|0x000000074ed00000, 0x000000074ed00000, 0x000000074ee00000|  0%| F|  |TAMS 0x000000074ed00000, 0x000000074ed00000| Untracked 
| 238|0x000000074ee00000, 0x000000074ee00000, 0x000000074ef00000|  0%| F|  |TAMS 0x000000074ee00000, 0x000000074ee00000| Untracked 
| 239|0x000000074ef00000, 0x000000074ef00000, 0x000000074f000000|  0%| F|  |TAMS 0x000000074ef00000, 0x000000074ef00000| Untracked 
| 240|0x000000074f000000, 0x000000074f000000, 0x000000074f100000|  0%| F|  |TAMS 0x000000074f000000, 0x000000074f000000| Untracked 
| 241|0x000000074f100000, 0x000000074f100000, 0x000000074f200000|  0%| F|  |TAMS 0x000000074f100000, 0x000000074f100000| Untracked 
| 242|0x000000074f200000, 0x000000074f200000, 0x000000074f300000|  0%| F|  |TAMS 0x000000074f200000, 0x000000074f200000| Untracked 
| 243|0x000000074f300000, 0x000000074f400000, 0x000000074f400000|100%| E|  |TAMS 0x000000074f300000, 0x000000074f300000| Complete 
| 244|0x000000074f400000, 0x000000074f402428, 0x000000074f500000|  0%| O|  |TAMS 0x000000074f402428, 0x000000074f400000| Untracked 
| 245|0x000000074f500000, 0x000000074f600000, 0x000000074f600000|100%| E|CS|TAMS 0x000000074f500000, 0x000000074f500000| Complete 
| 246|0x000000074f600000, 0x000000074f700000, 0x000000074f700000|100%| E|CS|TAMS 0x000000074f600000, 0x000000074f600000| Complete 
| 247|0x000000074f700000, 0x000000074f800000, 0x000000074f800000|100%| E|CS|TAMS 0x000000074f700000, 0x000000074f700000| Complete 
| 248|0x000000074f800000, 0x000000074f900000, 0x000000074f900000|100%| E|CS|TAMS 0x000000074f800000, 0x000000074f800000| Complete 
| 249|0x000000074f900000, 0x000000074f953b78, 0x000000074fa00000| 32%| S|CS|TAMS 0x000000074f900000, 0x000000074f900000| Complete 
| 250|0x000000074fa00000, 0x000000074fb00000, 0x000000074fb00000|100%| E|CS|TAMS 0x000000074fa00000, 0x000000074fa00000| Complete 
| 251|0x000000074fb00000, 0x000000074fc00000, 0x000000074fc00000|100%| E|CS|TAMS 0x000000074fb00000, 0x000000074fb00000| Complete 
| 252|0x000000074fc00000, 0x000000074fd00000, 0x000000074fd00000|100%| E|CS|TAMS 0x000000074fc00000, 0x000000074fc00000| Complete 
| 253|0x000000074fd00000, 0x000000074fe00000, 0x000000074fe00000|100%| E|CS|TAMS 0x000000074fd00000, 0x000000074fd00000| Complete 
| 254|0x000000074fe00000, 0x000000074ff00000, 0x000000074ff00000|100%| E|CS|TAMS 0x000000074fe00000, 0x000000074fe00000| Complete 
| 255|0x000000074ff00000, 0x0000000750000000, 0x0000000750000000|100%| E|CS|TAMS 0x000000074ff00000, 0x000000074ff00000| Complete 

Card table byte_map: [0x0000021a94ab0000,0x0000021a950b0000] _byte_map_base: 0x0000021a910b0000

Marking Bits (Prev, Next): (CMBitMap*) 0x0000021ad41bd8e8, (CMBitMap*) 0x0000021ad41bd920
 Prev Bits: [0x0000021aa0150000, 0x0000021aa3150000)
 Next Bits: [0x0000021aa3150000, 0x0000021aa6150000)

Polling page: 0x0000021a8afa0000

Metaspace:

Usage:
  Non-class:     92.23 MB capacity,    90.82 MB ( 98%) used,     1.07 MB (  1%) free+waste,   349.00 KB ( <1%) overhead. 
      Class:     15.63 MB capacity,    14.51 MB ( 93%) used,   976.47 KB (  6%) free+waste,   167.44 KB (  1%) overhead. 
       Both:    107.86 MB capacity,   105.33 MB ( 98%) used,     2.02 MB (  2%) free+waste,   516.44 KB ( <1%) overhead. 

Virtual space:
  Non-class space:       94.00 MB reserved,      92.33 MB ( 98%) committed 
      Class space:        1.00 GB reserved,      15.75 MB (  2%) committed 
             Both:        1.09 GB reserved,     108.08 MB ( 10%) committed 

Chunk freelists:
   Non-Class:  4.13 KB
       Class:  0 bytes
        Both:  4.13 KB

CodeHeap 'non-profiled nmethods': size=120000Kb used=19476Kb max_used=19476Kb free=100523Kb
 bounds [0x0000021ab6810000, 0x0000021ab7b30000, 0x0000021abdd40000]
CodeHeap 'profiled nmethods': size=120000Kb used=42554Kb max_used=44054Kb free=77445Kb
 bounds [0x0000021aaf2e0000, 0x0000021ab1e20000, 0x0000021ab6810000]
CodeHeap 'non-nmethods': size=5760Kb used=1665Kb max_used=1718Kb free=4095Kb
 bounds [0x0000021aaed40000, 0x0000021aaefb0000, 0x0000021aaf2e0000]
 total_blobs=30862 nmethods=17439 adapters=1110
 compilation: enabled
              stopped_count=0, restarted_count=0
 full_count=0

Compilation events (10 events):
Event: 821.759 Thread 0x0000021a97469800 21680       3       ui.dlg.c.b.p::a (362 bytes)
Event: 821.761 Thread 0x0000021a97469800 nmethod 21680 0x0000021ab078f990 code [0x0000021ab078fda0, 0x0000021ab0792760]
Event: 821.761 Thread 0x0000021a97469800 21681       3       com.jidesoft.grid.TableModelWrapperImpl::a (28 bytes)
Event: 821.761 Thread 0x0000021a97469800 nmethod 21681 0x0000021ab0502f90 code [0x0000021ab0503160, 0x0000021ab05033d0]
Event: 821.765 Thread 0x0000021a97469800 21682       3       ui.f.n::hYF (82 bytes)
Event: 821.766 Thread 0x0000021a97469800 nmethod 21682 0x0000021ab071ed10 code [0x0000021ab071f080, 0x0000021ab07206d0]
Event: 821.766 Thread 0x0000021a97469800 21683       3       ui.dlg.c.b.P::fEI (59 bytes)
Event: 821.767 Thread 0x0000021a97469800 nmethod 21683 0x0000021ab0819a10 code [0x0000021ab0819ce0, 0x0000021ab081afb0]
Event: 821.767 Thread 0x0000021a97469800 21684       3       ui.f.n::<init> (17 bytes)
Event: 821.768 Thread 0x0000021a97469800 nmethod 21684 0x0000021ab0719c90 code [0x0000021ab0719ea0, 0x0000021ab071a430]

GC Heap History (10 events):
Event: 728.341 GC heap before
{Heap before GC invocations=139 (full 3):
 garbage-first heap   total 262144K, used 139112K [0x0000000740000000, 0x0000000800000000)
  region size 1024K, 22 young (22528K), 0 survivors (0K)
 Metaspace       used 107698K, capacity 110294K, committed 110544K, reserved 1144832K
  class space    used 14852K, capacity 15999K, committed 16000K, reserved 1048576K
}
Event: 728.462 GC heap after
{Heap after GC invocations=140 (full 4):
 garbage-first heap   total 262144K, used 117609K [0x0000000740000000, 0x0000000800000000)
  region size 1024K, 0 young (0K), 0 survivors (0K)
 Metaspace       used 107698K, capacity 110294K, committed 110544K, reserved 1144832K
  class space    used 14852K, capacity 15999K, committed 16000K, reserved 1048576K
}
Event: 788.102 GC heap before
{Heap before GC invocations=140 (full 4):
 garbage-first heap   total 262144K, used 160617K [0x0000000740000000, 0x0000000800000000)
  region size 1024K, 43 young (44032K), 0 survivors (0K)
 Metaspace       used 107764K, capacity 110376K, committed 110544K, reserved 1144832K
  class space    used 14852K, capacity 15999K, committed 16000K, reserved 1048576K
}
Event: 788.196 GC heap after
{Heap after GC invocations=141 (full 5):
 garbage-first heap   total 262144K, used 117620K [0x0000000740000000, 0x0000000800000000)
  region size 1024K, 0 young (0K), 0 survivors (0K)
 Metaspace       used 107764K, capacity 110376K, committed 110544K, reserved 1144832K
  class space    used 14852K, capacity 15999K, committed 16000K, reserved 1048576K
}
Event: 818.195 GC heap before
{Heap before GC invocations=141 (full 5):
 garbage-first heap   total 262144K, used 138100K [0x0000000740000000, 0x0000000800000000)
  region size 1024K, 21 young (21504K), 0 survivors (0K)
 Metaspace       used 107775K, capacity 110376K, committed 110544K, reserved 1144832K
  class space    used 14852K, capacity 15999K, committed 16000K, reserved 1048576K
}
Event: 818.288 GC heap after
{Heap after GC invocations=142 (full 6):
 garbage-first heap   total 262144K, used 117543K [0x0000000740000000, 0x0000000800000000)
  region size 1024K, 0 young (0K), 0 survivors (0K)
 Metaspace       used 107775K, capacity 110376K, committed 110544K, reserved 1144832K
  class space    used 14852K, capacity 15999K, committed 16000K, reserved 1048576K
}
Event: 821.428 GC heap before
{Heap before GC invocations=142 (full 6):
 garbage-first heap   total 262144K, used 145191K [0x0000000740000000, 0x0000000800000000)
  region size 1024K, 28 young (28672K), 0 survivors (0K)
 Metaspace       used 107831K, capacity 110443K, committed 110544K, reserved 1144832K
  class space    used 14857K, capacity 16000K, committed 16000K, reserved 1048576K
}
Event: 821.433 GC heap after
{Heap after GC invocations=143 (full 6):
 garbage-first heap   total 262144K, used 118225K [0x0000000740000000, 0x0000000800000000)
  region size 1024K, 1 young (1024K), 1 survivors (1024K)
 Metaspace       used 107831K, capacity 110443K, committed 110544K, reserved 1144832K
  class space    used 14857K, capacity 16000K, committed 16000K, reserved 1048576K
}
Event: 821.600 GC heap before
{Heap before GC invocations=144 (full 6):
 garbage-first heap   total 262144K, used 140753K [0x0000000740000000, 0x0000000800000000)
  region size 1024K, 7 young (7168K), 1 survivors (1024K)
 Metaspace       used 107838K, capacity 110446K, committed 110672K, reserved 1144832K
  class space    used 14857K, capacity 16001K, committed 16128K, reserved 1048576K
}
Event: 821.603 GC heap after
{Heap after GC invocations=145 (full 6):
 garbage-first heap   total 262144K, used 135286K [0x0000000740000000, 0x0000000800000000)
  region size 1024K, 1 young (1024K), 1 survivors (1024K)
 Metaspace       used 107838K, capacity 110446K, committed 110672K, reserved 1144832K
  class space    used 14857K, capacity 16001K, committed 16128K, reserved 1048576K
}

Deoptimization events (10 events):
Event: 655.897 Thread 0x0000021aab133000 Uncommon trap: reason=bimorphic_or_optimized_type_check action=maybe_recompile pc=0x0000021ab70ebddc method=java.awt.BorderLayout.minimumLayoutSize(Ljava/awt/Container;)Ljava/awt/Dimension; @ 264 c2
Event: 655.897 Thread 0x0000021aab133000 Uncommon trap: reason=bimorphic_or_optimized_type_check action=maybe_recompile pc=0x0000021ab70ebddc method=java.awt.BorderLayout.minimumLayoutSize(Ljava/awt/Container;)Ljava/awt/Dimension; @ 264 c2
Event: 655.919 Thread 0x0000021aab133000 Uncommon trap: reason=class_check action=maybe_recompile pc=0x0000021ab76cdf30 method=javax.swing.plaf.synth.ParsedSynthStyle$DelegatingPainter.paintPanelBackground(Ljavax/swing/plaf/synth/SynthContext;Ljava/awt/Graphics;IIII)V @ 16 c2
Event: 656.108 Thread 0x0000021aab133000 Uncommon trap: reason=speculate_class_check action=maybe_recompile pc=0x0000021ab7a221f4 method=javax.swing.plaf.basic.BasicLabelUI.paint(Ljava/awt/Graphics;Ljavax/swing/JComponent;)V @ 168 c2
Event: 668.250 Thread 0x0000021ac6504000 Uncommon trap: reason=null_check action=make_not_entrant pc=0x0000021ab6f36840 method=ui.utils.lnf.b.run()V @ 130 c2
Event: 668.250 Thread 0x0000021abe8f0000 Uncommon trap: reason=null_check action=make_not_entrant pc=0x0000021ab6f7e5f8 method=de.javasoft.plaf.synthetica.painter.AnimationThreadFactory$AnimationThread.run()V @ 116 c2
Event: 819.553 Thread 0x0000021aab133000 Uncommon trap: reason=unstable_if action=reinterpret pc=0x0000021ab780ec20 method=com.jidesoft.editor.highlight.DefaultHighlighter.paintLayeredHighlights(Ljava/awt/Graphics;IILjava/awt/Shape;Lcom/jidesoft/editor/CodeEditor;)V @ 18 c2
Event: 819.553 Thread 0x0000021aab133000 Uncommon trap: reason=unstable_if action=reinterpret pc=0x0000021ab6bc0e08 method=com.jidesoft.editor.highlight.DefaultHighlighter.paintLayeredHighlights(Ljava/awt/Graphics;IILjava/awt/Shape;Lcom/jidesoft/editor/CodeEditor;)V @ 18 c2
Event: 821.677 Thread 0x0000021aab133000 Uncommon trap: reason=unstable_if action=reinterpret pc=0x0000021ab7a0f2fc method=sun.java2d.pipe.Region.getIntersection(Lsun/java2d/pipe/Region;)Lsun/java2d/pipe/Region; @ 15 c2
Event: 821.677 Thread 0x0000021aab133000 Uncommon trap: reason=unstable_if action=reinterpret pc=0x0000021ab7a0e2c4 method=sun.java2d.pipe.Region.getIntersection(Lsun/java2d/pipe/Region;)Lsun/java2d/pipe/Region; @ 15 c2

Classes redefined (0 events):
No events

Internal exceptions (10 events):
Event: 801.817 Thread 0x0000021aab133000 Exception <a 'java/io/FileNotFoundException'{0x000000074f64b530}> (0x000000074f64b530) thrown at [t:/workspace/open/src/hotspot/share/prims/jni.cpp, line 615]
Event: 801.931 Thread 0x0000021aab133000 Exception <a 'java/io/FileNotFoundException'{0x000000074f655500}> (0x000000074f655500) thrown at [t:/workspace/open/src/hotspot/share/prims/jni.cpp, line 615]
Event: 806.818 Thread 0x0000021aab133000 Exception <a 'java/io/FileNotFoundException'{0x000000074f35a120}> (0x000000074f35a120) thrown at [t:/workspace/open/src/hotspot/share/prims/jni.cpp, line 615]
Event: 806.933 Thread 0x0000021aab133000 Exception <a 'java/io/FileNotFoundException'{0x000000074f364250}> (0x000000074f364250) thrown at [t:/workspace/open/src/hotspot/share/prims/jni.cpp, line 615]
Event: 811.819 Thread 0x0000021aab133000 Exception <a 'java/io/FileNotFoundException'{0x000000074f0fbca0}> (0x000000074f0fbca0) thrown at [t:/workspace/open/src/hotspot/share/prims/jni.cpp, line 615]
Event: 811.935 Thread 0x0000021aab133000 Exception <a 'java/io/FileNotFoundException'{0x000000074ef06278}> (0x000000074ef06278) thrown at [t:/workspace/open/src/hotspot/share/prims/jni.cpp, line 615]
Event: 816.819 Thread 0x0000021aab133000 Exception <a 'java/io/FileNotFoundException'{0x000000074ec51ad0}> (0x000000074ec51ad0) thrown at [t:/workspace/open/src/hotspot/share/prims/jni.cpp, line 615]
Event: 816.935 Thread 0x0000021aab133000 Exception <a 'java/io/FileNotFoundException'{0x000000074ec5cea8}> (0x000000074ec5cea8) thrown at [t:/workspace/open/src/hotspot/share/prims/jni.cpp, line 615]
Event: 821.745 Thread 0x0000021aab133000 Exception <a 'sun/nio/fs/WindowsException'{0x000000074f876a00}> (0x000000074f876a00) thrown at [t:/workspace/open/src/hotspot/share/prims/jni.cpp, line 615]
Event: 821.745 Thread 0x0000021aab133000 Exception <a 'sun/nio/fs/WindowsException'{0x000000074f876d70}> (0x000000074f876d70) thrown at [t:/workspace/open/src/hotspot/share/prims/jni.cpp, line 615]

Events (10 events):
Event: 821.677 Thread 0x0000021aab133000 DEOPT UNPACKING pc=0x0000021aaed4802f sp=0x00000054bbdf0070 mode 2
Event: 821.677 Thread 0x0000021aab133000 Uncommon trap: trap_request=0xffffff4d fr.pc=0x0000021ab7a0e2c4 relative=0x00000000000000a4
Event: 821.677 Thread 0x0000021aab133000 DEOPT PACKING pc=0x0000021ab7a0e2c4 sp=0x00000054bbdf03c0
Event: 821.677 Thread 0x0000021aab133000 DEOPT UNPACKING pc=0x0000021aaed4802f sp=0x00000054bbdf0368 mode 2
Event: 821.700 Executing VM operation: CGC_Operation
Event: 821.709 Executing VM operation: CGC_Operation done
Event: 821.737 Thread 0x0000021abe8f8000 Thread added: 0x0000021abe8f8000
Event: 821.744 Thread 0x0000021abe8f8000 Thread exited: 0x0000021abe8f8000
Event: 821.768 Executing VM operation: CGC_Operation
Event: 821.768 Executing VM operation: CGC_Operation done


Dynamic libraries:
0x00007ff68da80000 - 0x00007ff68dab1000 	C:\Xilinx\Vivado\2021.1\bin\unwrapped\win64.o\vivado.exe
0x00007ffa2c030000 - 0x00007ffa2c225000 	C:\Windows\SYSTEM32\ntdll.dll
0x00007ffa2aa30000 - 0x00007ffa2aaee000 	C:\Windows\System32\KERNEL32.DLL
0x00007ffa29bd0000 - 0x00007ffa29e98000 	C:\Windows\System32\KERNELBASE.dll
0x00007ffa29970000 - 0x00007ffa29a70000 	C:\Windows\System32\ucrtbase.dll
0x00007ff9d16a0000 - 0x00007ff9d172d000 	C:\Windows\SYSTEM32\MSVCP140.dll
0x00007ff9d1680000 - 0x00007ff9d169b000 	C:\Windows\SYSTEM32\VCRUNTIME140.dll
0x00007ff9d1730000 - 0x00007ff9d173c000 	C:\Windows\SYSTEM32\VCRUNTIME140_1.dll
0x00007ffa0a920000 - 0x00007ffa0a938000 	C:\Xilinx\Vivado\2021.1\lib\win64.o\librdi_commonmain.dll
0x00007ffa00930000 - 0x00007ffa00951000 	C:\Xilinx\Vivado\2021.1\lib\win64.o\libboost_filesystem.dll
0x00007ffa2bdf0000 - 0x00007ffa2be9c000 	C:\Windows\System32\ADVAPI32.dll
0x00007ffa2bea0000 - 0x00007ffa2bf3e000 	C:\Windows\System32\msvcrt.dll
0x00007ffa2af60000 - 0x00007ffa2affb000 	C:\Windows\System32\sechost.dll
0x00007ffa2b480000 - 0x00007ffa2b5aa000 	C:\Windows\System32\RPCRT4.dll
0x00007ffa0cdc0000 - 0x00007ffa0cdc9000 	C:\Xilinx\Vivado\2021.1\lib\win64.o\librdi_commonversion.dll
0x00007ff992cc0000 - 0x00007ff993f6a000 	C:\Xilinx\Vivado\2021.1\lib\win64.o\librdi_common.dll
0x00007ffa2a520000 - 0x00007ffa2a6c1000 	C:\Windows\System32\USER32.dll
0x00007ffa297f0000 - 0x00007ffa29812000 	C:\Windows\System32\win32u.dll
0x00007ffa2a7f0000 - 0x00007ffa2a81b000 	C:\Windows\System32\GDI32.dll
0x00007ffa29ea0000 - 0x00007ffa29fad000 	C:\Windows\System32\gdi32full.dll
0x00007ffa29820000 - 0x00007ffa298bd000 	C:\Windows\System32\msvcp_win.dll
0x00007ffa2b5d0000 - 0x00007ffa2bd14000 	C:\Windows\System32\SHELL32.dll
0x00007ffa2add0000 - 0x00007ffa2ae3b000 	C:\Windows\System32\WS2_32.dll
0x00007ffa29fb0000 - 0x00007ffa29fd7000 	C:\Windows\System32\bcrypt.dll
0x00007ff9dd820000 - 0x00007ff9dd9bc000 	C:\Xilinx\Vivado\2021.1\lib\win64.o\librdi_commonxillic.dll
0x0000000051620000 - 0x000000005174b000 	C:\Xilinx\Vivado\2021.1\lib\win64.o\tcl85t.dll
0x00007ff9c0e40000 - 0x00007ff9c11ae000 	C:\Xilinx\Vivado\2021.1\lib\win64.o\libCOIN-all.dll
0x00007ffa0a120000 - 0x00007ffa0a131000 	C:\Xilinx\Vivado\2021.1\lib\win64.o\libboost_date_time.dll
0x00007ff9ec260000 - 0x00007ff9ec2d9000 	C:\Xilinx\Vivado\2021.1\lib\win64.o\libboost_program_options.dll
0x00007ffa00850000 - 0x00007ffa0086c000 	C:\Xilinx\Vivado\2021.1\lib\win64.o\libboost_thread.dll
0x00007ff9e3de0000 - 0x00007ff9e3ef4000 	C:\Xilinx\Vivado\2021.1\lib\win64.o\libboost_regex.dll
0x00007ffa0be70000 - 0x00007ffa0be7c000 	C:\Xilinx\Vivado\2021.1\lib\win64.o\libboost_xilinx.dll
0x00007ff9e60c0000 - 0x00007ff9e6142000 	C:\Xilinx\Vivado\2021.1\lib\win64.o\libhdlpsolve.dll
0x00007ff9e5e20000 - 0x00007ff9e5ec5000 	C:\Xilinx\Vivado\2021.1\lib\win64.o\libhdxml.dll
0x00007ff9fff90000 - 0x00007ff9fffba000 	C:\Xilinx\Vivado\2021.1\lib\win64.o\libisl_sysinfo.dll
0x00007ff9f6da0000 - 0x00007ff9f6e05000 	C:\Xilinx\Vivado\2021.1\lib\win64.o\liblmx6.0.dll
0x00007ffa005e0000 - 0x00007ffa005fa000 	C:\Xilinx\Vivado\2021.1\lib\win64.o\pthreadVC2.dll
0x00007ff9ffda0000 - 0x00007ff9ffdbc000 	C:\Xilinx\Vivado\2021.1\lib\win64.o\librdiconfig.dll
0x00007ffa2a150000 - 0x00007ffa2a1a5000 	C:\Windows\System32\SHLWAPI.dll
0x00007ff9f7090000 - 0x00007ff9f70b1000 	C:\Xilinx\Vivado\2021.1\lib\win64.o\librdizlib.dll
0x00007ffa13380000 - 0x00007ffa13398000 	C:\Windows\SYSTEM32\NETAPI32.dll
0x00007ffa04210000 - 0x00007ffa046e8000 	C:\Windows\SYSTEM32\WININET.dll
0x00007ffa23bc0000 - 0x00007ffa23ccc000 	C:\Windows\SYSTEM32\WINHTTP.dll
0x00007ffa0fcc0000 - 0x00007ffa0feab000 	C:\Windows\SYSTEM32\urlmon.dll
0x0000000012000000 - 0x0000000012270000 	C:\Xilinx\Vivado\2021.1\lib\win64.o\xerces-c_3_1.dll
0x00007ffa025f0000 - 0x00007ffa025f9000 	C:\Windows\SYSTEM32\WSOCK32.dll
0x00007ff9f62e0000 - 0x00007ff9f630d000 	C:\Windows\SYSTEM32\VCOMP140.DLL
0x00007ff98dc90000 - 0x00007ff98fba7000 	C:\Xilinx\Vivado\2021.1\lib\win64.o\gurobi90.dll
0x00007ffa29a70000 - 0x00007ffa29bc6000 	C:\Windows\System32\CRYPT32.dll
0x00007ffa2a9d0000 - 0x00007ffa2aa26000 	C:\Windows\System32\WLDAP32.dll
0x00007ffa2a730000 - 0x00007ffa2a738000 	C:\Windows\System32\Normaliz.dll
0x00007ff9b94c0000 - 0x00007ff9b97d6000 	C:\Xilinx\Vivado\2021.1\lib\win64.o\libXil_lmgr11.dll
0x00007ffa2a070000 - 0x00007ffa2a14a000 	C:\Windows\System32\COMDLG32.dll
0x00007ffa2a1b0000 - 0x00007ffa2a505000 	C:\Windows\System32\combase.dll
0x00007ffa2bf40000 - 0x00007ffa2bfed000 	C:\Windows\System32\shcore.dll
0x00007ffa2bd20000 - 0x00007ffa2bded000 	C:\Windows\System32\OLEAUT32.dll
0x00007ffa2ac40000 - 0x00007ffa2ad6a000 	C:\Windows\System32\ole32.dll
0x00007ffa29790000 - 0x00007ffa297f0000 	C:\Windows\System32\WINTRUST.dll
0x00007ffa0fff0000 - 0x00007ffa102a0000 	C:\Windows\SYSTEM32\iertutil.dll
0x00007ffa0fc90000 - 0x00007ffa0fcb8000 	C:\Windows\SYSTEM32\srvcli.dll
0x00007ffa28ca0000 - 0x00007ffa28cac000 	C:\Windows\SYSTEM32\netutils.dll
0x00007ffa08760000 - 0x00007ffa08810000 	C:\Windows\WinSxS\amd64_microsoft.windows.common-controls_6595b64144ccf1df_5.82.19041.1110_none_792d1c772443f647\COMCTL32.dll
0x00007ffa1c710000 - 0x00007ffa1c72d000 	C:\Windows\SYSTEM32\dhcpcsvc.DLL
0x00007ffa29600000 - 0x00007ffa2962e000 	C:\Windows\SYSTEM32\USERENV.dll
0x00007ff98cce0000 - 0x00007ff98dc81200 	C:\Xilinx\Vivado\2021.1\lib\win64.o\libisl_iostreams.dll
0x00007ff9ff8b0000 - 0x00007ff9ff8c8000 	C:\Xilinx\Vivado\2021.1\lib\win64.o\libboost_iostreams.dll
0x00007ff9f47a0000 - 0x00007ff9f47c4000 	C:\Xilinx\Vivado\2021.1\lib\win64.o\libisl_iosutils.dll
0x00007ffa28ef0000 - 0x00007ffa28f5a000 	C:\Windows\SYSTEM32\MSWSOCK.DLL
0x00007ffa2a740000 - 0x00007ffa2a770000 	C:\Windows\System32\IMM32.DLL
0x00007ffa29320000 - 0x00007ffa29332000 	C:\Windows\SYSTEM32\MSASN1.dll
0x00007ffa277f0000 - 0x00007ffa27802000 	C:\Windows\SYSTEM32\kernel.appcore.dll
0x00007ff9b7070000 - 0x00007ff9b75a3000 	C:\Xilinx\Vivado\2021.1\lib\win64.o\librdi_commontasks.dll
0x00007ffa194b0000 - 0x00007ffa194ba000 	C:\Windows\SYSTEM32\VERSION.dll
0x00007ff9b24d0000 - 0x00007ff9b2ff3000 	C:\Xilinx\Vivado\2021.1\tps\win64\jre11.0.2\bin\server\jvm.dll
0x00007ffa2a510000 - 0x00007ffa2a518000 	C:\Windows\System32\PSAPI.DLL
0x00007ffa13ba0000 - 0x00007ffa13bc7000 	C:\Windows\SYSTEM32\WINMM.dll
0x00007ff9b6600000 - 0x00007ff9b6920000 	C:\Xilinx\Vivado\2021.1\lib\win64.o\librdi_sio.dll
0x00007ffa28b90000 - 0x00007ffa28bcb000 	C:\Windows\SYSTEM32\IPHLPAPI.DLL
0x00007ffa27830000 - 0x00007ffa27fc4000 	C:\Windows\SYSTEM32\windows.storage.dll
0x00007ffa29190000 - 0x00007ffa291be000 	C:\Windows\SYSTEM32\Wldp.dll
0x00007ff98a150000 - 0x00007ff98cce0000 	C:\Xilinx\Vivado\2021.1\lib\win64.o\librdi_tcltasks.dll
0x00007ff9d14c0000 - 0x00007ff9d1678000 	C:\Xilinx\Vivado\2021.1\lib\win64.o\librdi_board.dll
0x00007ff9def20000 - 0x00007ff9df017000 	C:\Xilinx\Vivado\2021.1\lib\win64.o\librdi_chipscope.dll
0x00007ff9927f0000 - 0x00007ff992cc0000 	C:\Xilinx\Vivado\2021.1\lib\win64.o\librdi_bitstream.dll
0x00007ff9dea30000 - 0x00007ff9deaae000 	C:\Xilinx\Vivado\2021.1\lib\win64.o\librdi_boarddep.dll
0x00007ff9b6e70000 - 0x00007ff9b7066000 	C:\Xilinx\Vivado\2021.1\lib\win64.o\librdi_chipscopeimpl.dll
0x00007ff9d6ba0000 - 0x00007ff9d6cff000 	C:\Xilinx\Vivado\2021.1\lib\win64.o\librdi_containers.dll
0x00007ff9882a0000 - 0x00007ff98a144000 	C:\Xilinx\Vivado\2021.1\lib\win64.o\librdi_constraints.dll
0x00007ff9920d0000 - 0x00007ff9927f0000 	C:\Xilinx\Vivado\2021.1\lib\win64.o\librdi_coregenipxact.dll
0x00007ff986480000 - 0x00007ff98829c000 	C:\Xilinx\Vivado\2021.1\lib\win64.o\librdi_designutils.dll
0x00007ff96a030000 - 0x00007ff96a6b5000 	C:\Xilinx\Vivado\2021.1\lib\win64.o\librdi_drc.dll
0x00007ff96a6c0000 - 0x00007ff986480000 	C:\Xilinx\Vivado\2021.1\lib\win64.o\librdi_device.dll
0x00007ff967b20000 - 0x00007ff96a029000 	C:\Xilinx\Vivado\2021.1\lib\win64.o\librdi_coregen.dll
0x00007ff9dd760000 - 0x00007ff9dd815000 	C:\Xilinx\Vivado\2021.1\lib\win64.o\librdi_dsp.dll
0x00007ff9674a0000 - 0x00007ff967b1b000 	C:\Xilinx\Vivado\2021.1\lib\win64.o\librdi_filemgmt.dll
0x00007ff967130000 - 0x00007ff967491000 	C:\Xilinx\Vivado\2021.1\lib\win64.o\librdi_dlyest.dll
0x00007ff9ec1f0000 - 0x00007ff9ec259000 	C:\Xilinx\Vivado\2021.1\lib\win64.o\librdi_hdf.dll
0x00007ff966e00000 - 0x00007ff967127000 	C:\Xilinx\Vivado\2021.1\lib\win64.o\librdi_guitools.dll
0x00007ff9b6370000 - 0x00007ff9b65f7000 	C:\Xilinx\Vivado\2021.1\lib\win64.o\librdi_hip_devdesign.dll
0x00007ff9da500000 - 0x00007ff9da60b000 	C:\Xilinx\Vivado\2021.1\lib\win64.o\librdi_ipconfig_readwrite.dll
0x00007ff9d69a0000 - 0x00007ff9d6ae7000 	C:\Xilinx\Vivado\2021.1\lib\win64.o\librdi_hip_perf_analysis.dll
0x00007ff965770000 - 0x00007ff966dfa000 	C:\Xilinx\Vivado\2021.1\lib\win64.o\librdi_implflow.dll
0x00007ff965120000 - 0x00007ff96576e000 	C:\Xilinx\Vivado\2021.1\lib\win64.o\librdi_memdata.dll
0x00007ff9de9b0000 - 0x00007ff9dea23000 	C:\Xilinx\Vivado\2021.1\lib\win64.o\librdi_memoryarray.dll
0x00007ff962c20000 - 0x00007ff96511b000 	C:\Xilinx\Vivado\2021.1\lib\win64.o\librdi_mig.dll
0x00007ff9624e0000 - 0x00007ff962c18000 	C:\Xilinx\Vivado\2021.1\lib\win64.o\librdi_netlist.dll
0x00007ff9e7270000 - 0x00007ff9e72e0000 	C:\Xilinx\Vivado\2021.1\lib\win64.o\librdi_noc_frameworks.dll
0x00007ff9deec0000 - 0x00007ff9def16000 	C:\Xilinx\Vivado\2021.1\lib\win64.o\librdi_pfi.dll
0x00007ff962120000 - 0x00007ff9624d1000 	C:\Xilinx\Vivado\2021.1\lib\win64.o\librdi_platform.dll
0x00007ff961880000 - 0x00007ff96211c000 	C:\Xilinx\Vivado\2021.1\lib\win64.o\librdi_power.dll
0x00007ff95e610000 - 0x00007ff961875000 	C:\Xilinx\Vivado\2021.1\lib\win64.o\librdi_place.dll
0x00007ff95df40000 - 0x00007ff95e610000 	C:\Xilinx\Vivado\2021.1\lib\win64.o\librdi_project.dll
0x00007ff95d810000 - 0x00007ff95df39000 	C:\Xilinx\Vivado\2021.1\lib\win64.o\librdi_psta.dll
0x00007ff95cf70000 - 0x00007ff95d805000 	C:\Xilinx\Vivado\2021.1\lib\win64.o\librdi_rsb.dll
0x00007ff95ca30000 - 0x00007ff95cf61000 	C:\Xilinx\Vivado\2021.1\lib\win64.o\librdi_runs.dll
0x00007ff9b2180000 - 0x00007ff9b23f8000 	C:\Xilinx\Vivado\2021.1\lib\win64.o\librdi_simdata.dll
0x00007ff9d5810000 - 0x00007ff9d5924000 	C:\Xilinx\Vivado\2021.1\lib\win64.o\librdi_xhub.dll
0x00007ff9d0800000 - 0x00007ff9d0915000 	C:\Xilinx\Vivado\2021.1\lib\win64.o\librdi_runsbase.dll
0x00007ff9ca910000 - 0x00007ff9caaf5000 	C:\Xilinx\Vivado\2021.1\lib\win64.o\librdi_advchipscopeimpl.dll
0x00007ff9dd3a0000 - 0x00007ff9dd447000 	C:\Xilinx\Vivado\2021.1\lib\win64.o\librdi_xhubtasks.dll
0x00007ff95b980000 - 0x00007ff95ca2c000 	C:\Xilinx\Vivado\2021.1\lib\win64.o\librdi_timing.dll
0x00007ff95ae50000 - 0x00007ff95b976000 	C:\Xilinx\Vivado\2021.1\lib\win64.o\librdi_cdoutil.dll
0x00007ff9ea860000 - 0x00007ff9ea8a4000 	C:\Xilinx\Vivado\2021.1\lib\win64.o\libboost_serialization.dll
0x00007ff95ab10000 - 0x00007ff95ae43000 	C:\Xilinx\Vivado\2021.1\lib\win64.o\librdi_hip_config.dll
0x00007ff95a5c0000 - 0x00007ff95ab02000 	C:\Xilinx\Vivado\2021.1\lib\win64.o\librdi_xdm.dll
0x00007ff959a60000 - 0x00007ff95a5b6000 	C:\Xilinx\Vivado\2021.1\lib\win64.o\libverific.dll
0x00007ff9d0610000 - 0x00007ff9d069d000 	C:\Xilinx\Vivado\2021.1\lib\win64.o\treelite_runtime.dll
0x00007ff9d72c0000 - 0x00007ff9d730a000 	C:\Xilinx\Vivado\2021.1\lib\win64.o\libboost_graph.dll

dbghelp: loaded successfully - version: 4.0.5 - missing functions: none
symbol engine: initialized successfully - sym options: 0x614 - pdb path: .;C:\Xilinx\Vivado\2021.1\bin\unwrapped\win64.o;C:\Windows\SYSTEM32;C:\Xilinx\Vivado\2021.1\lib\win64.o;C:\Windows\WinSxS\amd64_microsoft.windows.common-controls_6595b64144ccf1df_5.82.19041.1110_none_792d1c772443f647;C:\Xilinx\Vivado\2021.1\tps\win64\jre11.0.2\bin\server;C:\Xilinx\Vivado\2021.1\tps\win64\python-3.8.3;C:\Xilinx\Vivado\2021.1\tps\win64\jre11.0.2\bin;C:\Windows\WinSxS\amd64_microsoft.windows.common-controls_6595b64144ccf1df_6.0.19041.1110_none_60b5254171f9507e

VM Arguments:
jvm_args: -Dsun.java2d.pmoffscreen=false -Dhttps.protocols=TLSv1,TLSv1.1,TLSv1.2 -Dsun.java2d.xrender=false -Dsun.java2d.d3d=false -Dsun.awt.nopixfmt=true -Dsun.java2d.dpiaware=true -Dsun.java2d.uiScale.enabled=false -Xverify:none -Dswing.aatext=true -XX:-UsePerfData -Djdk.map.althashing.threshold=512 -XX:StringTableSize=4072 --add-opens=java.base/java.nio=ALL-UNNAMED --add-opens=java.desktop/sun.swing=ALL-UNNAMED --add-opens=java.desktop/javax.swing=ALL-UNNAMED --add-opens=java.desktop/javax.swing.tree=ALL-UNNAMED --add-opens=java.desktop/javax.swing.plaf.basic=ALL-UNNAMED --add-opens=java.desktop/javax.swing.plaf.synth=ALL-UNNAMED --add-opens=java.desktop/com.sun.awt=ALL-UNNAMED -XX:NewSize=60m -XX:MaxNewSize=60m -Xms256m -Xmx3072m -Xss5m 
java_command: <unknown>
java_class_path (initial): C:/Xilinx/Vivado/2021.1\lib\classes\alloy.jar;C:/Xilinx/Vivado/2021.1\lib\classes\autoesl-models.jar;C:/Xilinx/Vivado/2021.1\lib\classes\autopilot.scelaborator.jar;C:/Xilinx/Vivado/2021.1\lib\classes\autopilot.sourceprocessor.jar;C:/Xilinx/Vivado/2021.1\lib\classes\autopilot.tbprocessor.jar;C:/Xilinx/Vivado/2021.1\lib\classes\batik-anim.jar;C:/Xilinx/Vivado/2021.1\lib\classes\batik-awt-util.jar;C:/Xilinx/Vivado/2021.1\lib\classes\batik-bridge.jar;C:/Xilinx/Vivado/2021.1\lib\classes\batik-codec.jar;C:/Xilinx/Vivado/2021.1\lib\classes\batik-css.jar;C:/Xilinx/Vivado/2021.1\lib\classes\batik-dom.jar;C:/Xilinx/Vivado/2021.1\lib\classes\batik-ext.jar;C:/Xilinx/Vivado/2021.1\lib\classes\batik-gui-util.jar;C:/Xilinx/Vivado/2021.1\lib\classes\batik-gvt.jar;C:/Xilinx/Vivado/2021.1\lib\classes\batik-parser.jar;C:/Xilinx/Vivado/2021.1\lib\classes\batik-script.jar;C:/Xilinx/Vivado/2021.1\lib\classes\batik-svg-dom.jar;C:/Xilinx/Vivado/2021.1\lib\classes\batik-svggen.jar;C:/Xilinx/Vivado/2021.1\lib\classes\batik-swing.jar;C:/Xilinx/Vivado/2021.1\lib\classes\batik-transcoder.jar;C:/Xilinx/Vivado/2021.1\lib\classes\batik-util.jar;C:/Xilinx/Vivado/2021.1\lib\classes\batik-xml.jar;C:/Xilinx/Vivado/2021.1\lib\classes\com.google.gson_2.8.2.v20180104-1110.jar;C:/Xilinx/Vivado/2021.1\lib\classes\com.google.guava_27.1.0.v20190517-1946.jar;C:/Xilinx/Vivado/2021.1\lib\classes\com.ibm.icu_4.4.2.v20110208.jar;C:/Xilinx/Vivado/2021.1\lib\classes\com.sigasi.hdt.connection_4.11.0.202105170810.jar;C:/Xilinx/Vivado/2021.1\lib\classes\com.sigasi.hdt.epl_4.11.0.202105170810.jar;C:/Xilinx/Vivado/2021.1\lib\classes\com.sigasi.hdt.project_4.11.0.202105170810.jar;C:/Xilinx/Vivado/2021.1\lib\classes\com.sigasi.hdt.readonlyfilesystem_4.11.0.202105170810.jar;C:/Xilinx/Vivado/2021.1\lib\classes\com.sigasi.hdt.shared_4.11.0.202105170810.jar;C:/Xilinx/Vivado/2021.1\lib\classes\com.sigasi.lcm_4.11.0.202105170810.jar;C:/Xilinx/Vivado/2021.1\lib\classes\com.sigasi.sdk.client_4.11.0.20
Launcher Type: generic

[Global flags]
     bool BytecodeVerificationLocal                = false                                     {product} {command line}
     bool BytecodeVerificationRemote               = false                                     {product} {command line}
     intx CICompilerCount                          = 4                                         {product} {ergonomic}
     uint ConcGCThreads                            = 2                                         {product} {ergonomic}
     uint G1ConcRefinementThreads                  = 8                                         {product} {ergonomic}
   size_t G1HeapRegionSize                         = 1048576                                   {product} {ergonomic}
    uintx GCDrainStackTargetSize                   = 64                                        {product} {ergonomic}
   size_t InitialHeapSize                          = 268435456                                 {product} {command line}
   size_t MarkStackSize                            = 4194304                                   {product} {ergonomic}
   size_t MaxHeapSize                              = 3221225472                                {product} {command line}
   size_t MaxNewSize                               = 62914560                                  {product} {command line}
   size_t MinHeapDeltaBytes                        = 1048576                                   {product} {ergonomic}
   size_t NewSize                                  = 62914560                                  {product} {command line}
    uintx NonNMethodCodeHeapSize                   = 5835340                                {pd product} {ergonomic}
    uintx NonProfiledCodeHeapSize                  = 122911450                              {pd product} {ergonomic}
    uintx ProfiledCodeHeapSize                     = 122911450                              {pd product} {ergonomic}
    uintx ReservedCodeCacheSize                    = 251658240                              {pd product} {ergonomic}
     bool SegmentedCodeCache                       = true                                      {product} {ergonomic}
    uintx StringTableSize                          = 4072                                      {product} {command line}
     intx ThreadStackSize                          = 5120                                   {pd product} {command line}
     bool UseCompressedClassPointers               = true                                 {lp64_product} {ergonomic}
     bool UseCompressedOops                        = true                                 {lp64_product} {ergonomic}
     bool UseG1GC                                  = true                                      {product} {ergonomic}
     bool UseLargePagesIndividualAllocation        = false                                  {pd product} {ergonomic}
     bool UsePerfData                              = false                                     {product} {command line}

Logging:
Log output configuration:
 #0: stdout all=warning uptime,level,tags
 #1: stderr all=off uptime,level,tags

Environment Variables:
PATH=C:/Xilinx/Vivado/2021.1\gnuwin\bin;C:/Xilinx/Vivado/2021.1\gnu\microblaze\nt\bin;C:/Xilinx/Vivado/2021.1/bin;C:/Xilinx/Vivado/2021.1/tps/win64/javafx-sdk-11.0.2/lib;C:/Xilinx/Vivado/2021.1/tps/win64/javafx-sdk-11.0.2/bin;C:/Xilinx/Vivado/2021.1/lib/win64.o;C:/Xilinx/Vivado/2021.1/tps/win64/jre11.0.2/bin/server;C:/Xilinx/Vivado/2021.1/tps/win64/jre11.0.2/bin;C:/Xilinx/Vivado/2021.1/ids_lite/ISE/bin/nt64;C:/Xilinx/Vivado/2021.1/ids_lite/ISE/lib/nt64;C:/Xilinx/Vitis_HLS/2021.1/bin;C:\Windows\system32;C:\Windows;C:\Windows\System32\Wbem;C:\Windows\System32\WindowsPowerShell\v1.0\;C:\Windows\System32\OpenSSH\;C:\Program Files\Git\cmd;C:\Program Files\dotnet\;C:\Program Files (x86)\PharosSystems\Core;C:\Program Files (x86)\Bluetooth Command Line Tools\bin;C:\Program Files\MATLAB\R2021b\bin;C:\Users\mkw-laptop\AppData\Local\Microsoft\WindowsApps;C:\Users\mkw-laptop\AppData\Local\GitHubDesktop\bin;C:\Users\mkw-laptop\AppData\Local\Programs\Microsoft VS Code\bin;C:/Xilinx/Vivado/2021.1\tps\mingw\6.2.0\win64.o\nt\bin;C:/Xilinx/Vivado/2021.1\tps\mingw\6.2.0\win64.o\nt\libexec\gcc\x86_64-w64-mingw32\6.2.0;C:/Xilinx/Vivado/2021.1\tps\win64\python-3.8.3;C:/Xilinx/Vivado/2021.1\tps\win64\python-3.8.3\bin;C:/Xilinx/Vivado/2021.1\tps\win64\python-3.8.3\lib;C:/Xilinx/Vivado/2021.1\tps\win64\python-3.8.3\lib\site-packages
USERNAME=mkw-laptop
OS=Windows_NT
PROCESSOR_IDENTIFIER=Intel64 Family 6 Model 140 Stepping 1, GenuineIntel



---------------  S Y S T E M  ---------------

OS: Windows 10 , 64 bit Build 19041 (10.0.19041.1348)

CPU:total 8 (initial active 8) (4 cores per cpu, 2 threads per core) family 6 model 140 stepping 1, cmov, cx8, fxsr, mmx, sse, sse2, sse3, ssse3, sse4.1, sse4.2, popcnt, avx, avx2, aes, clmul, erms, 3dnowpref, lzcnt, ht, tsc, tscinvbit, bmi1, bmi2, adx, evex, sha, fma

Memory: 4k page, system-wide physical 16167M (125M free)
TotalPageFile size 65319M (AvailPageFile size 0M)
current process WorkingSet (physical memory assigned to process): 1043M, peak: 1181M
current process commit charge ("private bytes"): 1086M, peak: 1216M

vm_info: OpenJDK 64-Bit Server VM (11.0.2+9) for windows-amd64 JRE (11.0.2+9), built on Jan 18 2019 05:23:22 by "mach5one" with MS VC++ 15.5 (VS2017)

END.
